mode: set
github.com/portainer/portainer-mcp/cmd/portainer-mcp/mcp.go:19.13,34.43 8 0
github.com/portainer/portainer-mcp/cmd/portainer-mcp/mcp.go:34.43,36.3 1 0
github.com/portainer/portainer-mcp/cmd/portainer-mcp/mcp.go:38.2,39.21 2 0
github.com/portainer/portainer-mcp/cmd/portainer-mcp/mcp.go:39.21,41.3 1 0
github.com/portainer/portainer-mcp/cmd/portainer-mcp/mcp.go:45.2,46.16 2 0
github.com/portainer/portainer-mcp/cmd/portainer-mcp/mcp.go:46.16,48.3 1 0
github.com/portainer/portainer-mcp/cmd/portainer-mcp/mcp.go:50.2,50.12 1 0
github.com/portainer/portainer-mcp/cmd/portainer-mcp/mcp.go:50.12,52.3 1 0
github.com/portainer/portainer-mcp/cmd/portainer-mcp/mcp.go:52.8,54.3 1 0
github.com/portainer/portainer-mcp/cmd/portainer-mcp/mcp.go:56.2,64.16 3 0
github.com/portainer/portainer-mcp/cmd/portainer-mcp/mcp.go:64.16,66.3 1 0
github.com/portainer/portainer-mcp/cmd/portainer-mcp/mcp.go:68.2,94.16 26 0
github.com/portainer/portainer-mcp/cmd/portainer-mcp/mcp.go:94.16,96.3 1 0
github.com/portainer/portainer-mcp/cmd/token-count/token.go:20.13,25.26 4 0
github.com/portainer/portainer-mcp/cmd/token-count/token.go:25.26,27.3 1 0
github.com/portainer/portainer-mcp/cmd/token-count/token.go:28.2,28.23 1 0
github.com/portainer/portainer-mcp/cmd/token-count/token.go:28.23,30.3 1 0
github.com/portainer/portainer-mcp/cmd/token-count/token.go:32.2,33.16 2 0
github.com/portainer/portainer-mcp/cmd/token-count/token.go:33.16,35.3 1 0
github.com/portainer/portainer-mcp/cmd/token-count/token.go:38.2,39.29 2 0
github.com/portainer/portainer-mcp/cmd/token-count/token.go:39.29,48.3 2 0
github.com/portainer/portainer-mcp/cmd/token-count/token.go:50.2,51.16 2 0
github.com/portainer/portainer-mcp/cmd/token-count/token.go:51.16,53.3 1 0
github.com/portainer/portainer-mcp/cmd/token-count/token.go:55.2,56.16 2 0
github.com/portainer/portainer-mcp/cmd/token-count/token.go:56.16,58.3 1 0
github.com/portainer/portainer-mcp/cmd/token-count/token.go:60.2,60.82 1 0
github.com/portainer/portainer-mcp/internal/k8sutil/stripper.go:14.86,15.37 1 1
github.com/portainer/portainer-mcp/internal/k8sutil/stripper.go:15.37,17.3 1 1
github.com/portainer/portainer-mcp/internal/k8sutil/stripper.go:19.2,20.16 2 1
github.com/portainer/portainer-mcp/internal/k8sutil/stripper.go:20.16,22.3 1 0
github.com/portainer/portainer-mcp/internal/k8sutil/stripper.go:23.2,23.12 1 1
github.com/portainer/portainer-mcp/internal/k8sutil/stripper.go:23.12,25.3 1 1
github.com/portainer/portainer-mcp/internal/k8sutil/stripper.go:27.2,28.9 2 1
github.com/portainer/portainer-mcp/internal/k8sutil/stripper.go:28.9,30.3 1 1
github.com/portainer/portainer-mcp/internal/k8sutil/stripper.go:33.2,40.16 3 1
github.com/portainer/portainer-mcp/internal/k8sutil/stripper.go:40.16,42.3 1 0
github.com/portainer/portainer-mcp/internal/k8sutil/stripper.go:43.2,43.12 1 1
github.com/portainer/portainer-mcp/internal/k8sutil/stripper.go:49.79,50.21 1 1
github.com/portainer/portainer-mcp/internal/k8sutil/stripper.go:50.21,52.3 1 1
github.com/portainer/portainer-mcp/internal/k8sutil/stripper.go:53.2,53.26 1 1
github.com/portainer/portainer-mcp/internal/k8sutil/stripper.go:53.26,54.81 1 1
github.com/portainer/portainer-mcp/internal/k8sutil/stripper.go:54.81,56.4 1 1
github.com/portainer/portainer-mcp/internal/k8sutil/stripper.go:57.3,57.23 1 1
github.com/portainer/portainer-mcp/internal/k8sutil/stripper.go:59.2,62.16 3 1
github.com/portainer/portainer-mcp/internal/k8sutil/stripper.go:62.16,64.3 1 1
github.com/portainer/portainer-mcp/internal/k8sutil/stripper.go:66.2,66.25 1 1
github.com/portainer/portainer-mcp/internal/k8sutil/stripper.go:66.25,68.3 1 1
github.com/portainer/portainer-mcp/internal/k8sutil/stripper.go:70.2,71.54 2 1
github.com/portainer/portainer-mcp/internal/k8sutil/stripper.go:71.54,73.49 2 1
github.com/portainer/portainer-mcp/internal/k8sutil/stripper.go:73.49,75.4 1 1
github.com/portainer/portainer-mcp/internal/k8sutil/stripper.go:76.3,76.109 1 1
github.com/portainer/portainer-mcp/internal/k8sutil/stripper.go:79.2,79.19 1 1
github.com/portainer/portainer-mcp/internal/k8sutil/stripper.go:79.19,81.17 2 1
github.com/portainer/portainer-mcp/internal/k8sutil/stripper.go:81.17,83.4 1 0
github.com/portainer/portainer-mcp/internal/k8sutil/stripper.go:85.3,85.29 1 1
github.com/portainer/portainer-mcp/internal/k8sutil/stripper.go:85.29,86.84 1 1
github.com/portainer/portainer-mcp/internal/k8sutil/stripper.go:86.84,88.5 1 1
github.com/portainer/portainer-mcp/internal/k8sutil/stripper.go:90.3,90.28 1 1
github.com/portainer/portainer-mcp/internal/k8sutil/stripper.go:91.8,92.28 1 1
github.com/portainer/portainer-mcp/internal/k8sutil/stripper.go:92.28,94.4 1 0
github.com/portainer/portainer-mcp/internal/k8sutil/stripper.go:95.3,95.73 1 1
github.com/portainer/portainer-mcp/internal/k8sutil/stripper.go:95.73,97.4 1 1
github.com/portainer/portainer-mcp/internal/k8sutil/stripper.go:98.3,98.28 1 1
github.com/portainer/portainer-mcp/pkg/portainer/utils/utils.go:5.44,7.31 2 1
github.com/portainer/portainer-mcp/pkg/portainer/utils/utils.go:7.31,9.3 1 1
github.com/portainer/portainer-mcp/pkg/portainer/utils/utils.go:10.2,10.13 1 1
github.com/portainer/portainer-mcp/pkg/portainer/utils/utils.go:14.42,16.27 2 1
github.com/portainer/portainer-mcp/pkg/portainer/utils/utils.go:16.27,18.3 1 1
github.com/portainer/portainer-mcp/pkg/portainer/utils/utils.go:19.2,19.15 1 1
github.com/portainer/portainer-mcp/pkg/portainer/utils/utils.go:24.60,26.33 2 1
github.com/portainer/portainer-mcp/pkg/portainer/utils/utils.go:26.33,28.3 1 1
github.com/portainer/portainer-mcp/pkg/portainer/utils/utils.go:29.2,29.17 1 1
github.com/portainer/portainer-mcp/internal/tooldef/tooldef.go:13.60,14.49 1 1
github.com/portainer/portainer-mcp/internal/tooldef/tooldef.go:14.49,16.17 2 1
github.com/portainer/portainer-mcp/internal/tooldef/tooldef.go:16.17,18.4 1 1
github.com/portainer/portainer-mcp/internal/tooldef/tooldef.go:19.3,19.20 1 1
github.com/portainer/portainer-mcp/internal/tooldef/tooldef.go:21.2,21.18 1 1
github.com/portainer/portainer-mcp/tests/integration/containers/portainer.go:50.55,51.45 1 0
github.com/portainer/portainer-mcp/tests/integration/containers/portainer.go:51.45,53.3 1 0
github.com/portainer/portainer-mcp/tests/integration/containers/portainer.go:57.63,58.45 1 0
github.com/portainer/portainer-mcp/tests/integration/containers/portainer.go:58.45,60.3 1 0
github.com/portainer/portainer-mcp/tests/integration/containers/portainer.go:64.112,72.27 2 0
github.com/portainer/portainer-mcp/tests/integration/containers/portainer.go:72.27,74.3 1 0
github.com/portainer/portainer-mcp/tests/integration/containers/portainer.go:77.2,90.28 1 0
github.com/portainer/portainer-mcp/tests/integration/containers/portainer.go:90.28,92.7 1 0
github.com/portainer/portainer-mcp/tests/integration/containers/portainer.go:102.62,103.28 1 0
github.com/portainer/portainer-mcp/tests/integration/containers/portainer.go:103.28,105.5 1 0
github.com/portainer/portainer-mcp/tests/integration/containers/portainer.go:110.2,114.16 2 0
github.com/portainer/portainer-mcp/tests/integration/containers/portainer.go:114.16,116.3 1 0
github.com/portainer/portainer-mcp/tests/integration/containers/portainer.go:119.2,120.16 2 0
github.com/portainer/portainer-mcp/tests/integration/containers/portainer.go:120.16,123.3 2 0
github.com/portainer/portainer-mcp/tests/integration/containers/portainer.go:125.2,126.16 2 0
github.com/portainer/portainer-mcp/tests/integration/containers/portainer.go:126.16,129.3 2 0
github.com/portainer/portainer-mcp/tests/integration/containers/portainer.go:131.2,138.46 2 0
github.com/portainer/portainer-mcp/tests/integration/containers/portainer.go:138.46,142.3 2 0
github.com/portainer/portainer-mcp/tests/integration/containers/portainer.go:144.2,144.16 1 0
github.com/portainer/portainer-mcp/tests/integration/containers/portainer.go:148.54,150.2 1 0
github.com/portainer/portainer-mcp/tests/integration/containers/portainer.go:153.65,155.2 1 0
github.com/portainer/portainer-mcp/tests/integration/containers/portainer.go:157.52,159.2 1 0
github.com/portainer/portainer-mcp/tests/integration/containers/portainer.go:162.56,185.16 8 0
github.com/portainer/portainer-mcp/tests/integration/containers/portainer.go:185.16,187.3 1 0
github.com/portainer/portainer-mcp/tests/integration/containers/portainer.go:189.2,192.101 2 0
github.com/portainer/portainer-mcp/tests/integration/containers/portainer.go:192.101,194.3 1 0
github.com/portainer/portainer-mcp/tests/integration/containers/portainer.go:195.2,204.16 5 0
github.com/portainer/portainer-mcp/tests/integration/containers/portainer.go:204.16,206.3 1 0
github.com/portainer/portainer-mcp/tests/integration/containers/portainer.go:208.2,210.12 2 0
github.com/portainer/portainer-mcp/tests/integration/helpers/test_env.go:27.85,51.2 9 0
github.com/portainer/portainer-mcp/tests/integration/helpers/test_env.go:54.41,55.53 1 0
github.com/portainer/portainer-mcp/tests/integration/helpers/test_env.go:55.53,57.3 1 0
github.com/portainer/portainer-mcp/pkg/toolgen/param.go:15.71,19.2 1 1
github.com/portainer/portainer-mcp/pkg/toolgen/param.go:22.81,24.25 2 1
github.com/portainer/portainer-mcp/pkg/toolgen/param.go:24.25,25.15 1 1
github.com/portainer/portainer-mcp/pkg/toolgen/param.go:25.15,27.4 1 1
github.com/portainer/portainer-mcp/pkg/toolgen/param.go:28.3,28.17 1 1
github.com/portainer/portainer-mcp/pkg/toolgen/param.go:31.2,32.9 2 1
github.com/portainer/portainer-mcp/pkg/toolgen/param.go:32.9,34.3 1 1
github.com/portainer/portainer-mcp/pkg/toolgen/param.go:36.2,36.22 1 1
github.com/portainer/portainer-mcp/pkg/toolgen/param.go:40.82,42.25 2 1
github.com/portainer/portainer-mcp/pkg/toolgen/param.go:42.25,43.15 1 1
github.com/portainer/portainer-mcp/pkg/toolgen/param.go:43.15,45.4 1 1
github.com/portainer/portainer-mcp/pkg/toolgen/param.go:46.3,46.16 1 1
github.com/portainer/portainer-mcp/pkg/toolgen/param.go:49.2,50.9 2 1
github.com/portainer/portainer-mcp/pkg/toolgen/param.go:50.9,52.3 1 1
github.com/portainer/portainer-mcp/pkg/toolgen/param.go:54.2,54.22 1 1
github.com/portainer/portainer-mcp/pkg/toolgen/param.go:58.75,60.16 2 1
github.com/portainer/portainer-mcp/pkg/toolgen/param.go:60.16,62.3 1 1
github.com/portainer/portainer-mcp/pkg/toolgen/param.go:63.2,63.22 1 1
github.com/portainer/portainer-mcp/pkg/toolgen/param.go:67.80,69.25 2 1
github.com/portainer/portainer-mcp/pkg/toolgen/param.go:69.25,70.15 1 1
github.com/portainer/portainer-mcp/pkg/toolgen/param.go:70.15,72.4 1 1
github.com/portainer/portainer-mcp/pkg/toolgen/param.go:73.3,73.20 1 1
github.com/portainer/portainer-mcp/pkg/toolgen/param.go:76.2,77.9 2 1
github.com/portainer/portainer-mcp/pkg/toolgen/param.go:77.9,79.3 1 1
github.com/portainer/portainer-mcp/pkg/toolgen/param.go:81.2,81.23 1 1
github.com/portainer/portainer-mcp/pkg/toolgen/param.go:85.89,87.25 2 1
github.com/portainer/portainer-mcp/pkg/toolgen/param.go:87.25,88.15 1 1
github.com/portainer/portainer-mcp/pkg/toolgen/param.go:88.15,90.4 1 1
github.com/portainer/portainer-mcp/pkg/toolgen/param.go:91.3,91.22 1 1
github.com/portainer/portainer-mcp/pkg/toolgen/param.go:94.2,95.9 2 1
github.com/portainer/portainer-mcp/pkg/toolgen/param.go:95.9,97.3 1 1
github.com/portainer/portainer-mcp/pkg/toolgen/param.go:99.2,99.41 1 1
github.com/portainer/portainer-mcp/pkg/toolgen/param.go:103.88,105.25 2 1
github.com/portainer/portainer-mcp/pkg/toolgen/param.go:105.25,106.15 1 1
github.com/portainer/portainer-mcp/pkg/toolgen/param.go:106.15,108.4 1 1
github.com/portainer/portainer-mcp/pkg/toolgen/param.go:109.3,109.22 1 1
github.com/portainer/portainer-mcp/pkg/toolgen/param.go:112.2,113.9 2 1
github.com/portainer/portainer-mcp/pkg/toolgen/param.go:113.9,115.3 1 1
github.com/portainer/portainer-mcp/pkg/toolgen/param.go:117.2,117.24 1 1
github.com/portainer/portainer-mcp/pkg/toolgen/param.go:127.55,130.29 2 1
github.com/portainer/portainer-mcp/pkg/toolgen/param.go:130.29,132.10 2 1
github.com/portainer/portainer-mcp/pkg/toolgen/param.go:132.10,134.4 1 1
github.com/portainer/portainer-mcp/pkg/toolgen/param.go:135.3,135.40 1 1
github.com/portainer/portainer-mcp/pkg/toolgen/param.go:138.2,138.20 1 1
github.com/portainer/portainer-mcp/pkg/toolgen/yaml.go:48.93,50.16 2 1
github.com/portainer/portainer-mcp/pkg/toolgen/yaml.go:50.16,52.3 1 1
github.com/portainer/portainer-mcp/pkg/toolgen/yaml.go:54.2,55.54 2 1
github.com/portainer/portainer-mcp/pkg/toolgen/yaml.go:55.54,57.3 1 1
github.com/portainer/portainer-mcp/pkg/toolgen/yaml.go:59.2,59.26 1 1
github.com/portainer/portainer-mcp/pkg/toolgen/yaml.go:59.26,61.3 1 1
github.com/portainer/portainer-mcp/pkg/toolgen/yaml.go:63.2,63.37 1 1
github.com/portainer/portainer-mcp/pkg/toolgen/yaml.go:63.37,65.3 1 1
github.com/portainer/portainer-mcp/pkg/toolgen/yaml.go:67.2,67.56 1 1
github.com/portainer/portainer-mcp/pkg/toolgen/yaml.go:67.56,69.3 1 1
github.com/portainer/portainer-mcp/pkg/toolgen/yaml.go:71.2,71.50 1 1
github.com/portainer/portainer-mcp/pkg/toolgen/yaml.go:75.72,78.27 2 1
github.com/portainer/portainer-mcp/pkg/toolgen/yaml.go:78.27,80.17 2 1
github.com/portainer/portainer-mcp/pkg/toolgen/yaml.go:80.17,82.12 2 1
github.com/portainer/portainer-mcp/pkg/toolgen/yaml.go:85.3,85.25 1 1
github.com/portainer/portainer-mcp/pkg/toolgen/yaml.go:88.2,88.14 1 1
github.com/portainer/portainer-mcp/pkg/toolgen/yaml.go:92.66,93.20 1 1
github.com/portainer/portainer-mcp/pkg/toolgen/yaml.go:93.20,95.3 1 1
github.com/portainer/portainer-mcp/pkg/toolgen/yaml.go:97.2,97.27 1 1
github.com/portainer/portainer-mcp/pkg/toolgen/yaml.go:97.27,99.3 1 1
github.com/portainer/portainer-mcp/pkg/toolgen/yaml.go:101.2,102.40 2 1
github.com/portainer/portainer-mcp/pkg/toolgen/yaml.go:102.40,104.3 1 1
github.com/portainer/portainer-mcp/pkg/toolgen/yaml.go:106.2,110.39 2 1
github.com/portainer/portainer-mcp/pkg/toolgen/yaml.go:110.39,112.3 1 1
github.com/portainer/portainer-mcp/pkg/toolgen/yaml.go:114.2,116.47 2 1
github.com/portainer/portainer-mcp/pkg/toolgen/yaml.go:120.63,128.2 1 1
github.com/portainer/portainer-mcp/pkg/toolgen/yaml.go:131.65,136.20 3 1
github.com/portainer/portainer-mcp/pkg/toolgen/yaml.go:136.20,138.3 1 1
github.com/portainer/portainer-mcp/pkg/toolgen/yaml.go:140.2,140.23 1 1
github.com/portainer/portainer-mcp/pkg/toolgen/yaml.go:140.23,142.3 1 1
github.com/portainer/portainer-mcp/pkg/toolgen/yaml.go:144.2,144.26 1 1
github.com/portainer/portainer-mcp/pkg/toolgen/yaml.go:144.26,146.3 1 1
github.com/portainer/portainer-mcp/pkg/toolgen/yaml.go:148.2,148.20 1 1
github.com/portainer/portainer-mcp/pkg/toolgen/yaml.go:149.16,150.48 1 1
github.com/portainer/portainer-mcp/pkg/toolgen/yaml.go:151.16,152.48 1 1
github.com/portainer/portainer-mcp/pkg/toolgen/yaml.go:153.17,154.49 1 1
github.com/portainer/portainer-mcp/pkg/toolgen/yaml.go:155.15,156.47 1 1
github.com/portainer/portainer-mcp/pkg/toolgen/yaml.go:157.16,158.48 1 1
github.com/portainer/portainer-mcp/pkg/toolgen/yaml.go:159.10,161.48 1 1
github.com/portainer/portainer-mcp/pkg/portainer/models/access_group.go:15.143,16.21 1 1
github.com/portainer/portainer-mcp/pkg/portainer/models/access_group.go:16.21,18.3 1 1
github.com/portainer/portainer-mcp/pkg/portainer/models/access_group.go:20.2,21.35 2 1
github.com/portainer/portainer-mcp/pkg/portainer/models/access_group.go:21.35,22.17 1 1
github.com/portainer/portainer-mcp/pkg/portainer/models/access_group.go:22.17,23.12 1 1
github.com/portainer/portainer-mcp/pkg/portainer/models/access_group.go:25.3,25.33 1 1
github.com/portainer/portainer-mcp/pkg/portainer/models/access_group.go:25.33,27.4 1 1
github.com/portainer/portainer-mcp/pkg/portainer/models/access_group.go:30.2,36.3 1 1
github.com/portainer/portainer-mcp/pkg/portainer/models/access_policy.go:10.133,12.39 2 1
github.com/portainer/portainer-mcp/pkg/portainer/models/access_policy.go:12.39,14.17 2 1
github.com/portainer/portainer-mcp/pkg/portainer/models/access_policy.go:14.17,16.12 2 1
github.com/portainer/portainer-mcp/pkg/portainer/models/access_policy.go:18.3,18.48 1 1
github.com/portainer/portainer-mcp/pkg/portainer/models/access_policy.go:20.2,20.17 1 1
github.com/portainer/portainer-mcp/pkg/portainer/models/access_policy.go:23.81,24.22 1 1
github.com/portainer/portainer-mcp/pkg/portainer/models/access_policy.go:24.22,26.3 1 0
github.com/portainer/portainer-mcp/pkg/portainer/models/access_policy.go:28.2,28.26 1 1
github.com/portainer/portainer-mcp/pkg/portainer/models/access_policy.go:29.9,30.37 1 1
github.com/portainer/portainer-mcp/pkg/portainer/models/access_policy.go:31.9,32.25 1 1
github.com/portainer/portainer-mcp/pkg/portainer/models/access_policy.go:33.9,34.25 1 1
github.com/portainer/portainer-mcp/pkg/portainer/models/access_policy.go:35.9,36.25 1 1
github.com/portainer/portainer-mcp/pkg/portainer/models/access_policy.go:37.9,38.25 1 1
github.com/portainer/portainer-mcp/pkg/portainer/models/access_policy.go:39.10,40.19 1 1
github.com/portainer/portainer-mcp/pkg/portainer/models/app_template.go:20.73,21.16 1 1
github.com/portainer/portainer-mcp/pkg/portainer/models/app_template.go:21.16,23.3 1 1
github.com/portainer/portainer-mcp/pkg/portainer/models/app_template.go:25.2,36.3 1 0
github.com/portainer/portainer-mcp/pkg/portainer/models/app_template.go:40.78,42.24 2 1
github.com/portainer/portainer-mcp/pkg/portainer/models/app_template.go:42.24,44.3 1 1
github.com/portainer/portainer-mcp/pkg/portainer/models/app_template.go:45.2,45.18 1 1
github.com/portainer/portainer-mcp/pkg/portainer/models/backup.go:25.76,26.16 1 1
github.com/portainer/portainer-mcp/pkg/portainer/models/backup.go:26.16,28.3 1 1
github.com/portainer/portainer-mcp/pkg/portainer/models/backup.go:30.2,33.3 1 0
github.com/portainer/portainer-mcp/pkg/portainer/models/backup.go:37.93,38.16 1 1
github.com/portainer/portainer-mcp/pkg/portainer/models/backup.go:38.16,40.3 1 1
github.com/portainer/portainer-mcp/pkg/portainer/models/backup.go:42.2,50.3 1 0
github.com/portainer/portainer-mcp/pkg/portainer/models/custom_template.go:26.92,27.16 1 1
github.com/portainer/portainer-mcp/pkg/portainer/models/custom_template.go:27.16,29.3 1 1
github.com/portainer/portainer-mcp/pkg/portainer/models/custom_template.go:31.2,40.3 1 1
github.com/portainer/portainer-mcp/pkg/portainer/models/docker.go:35.93,36.16 1 1
github.com/portainer/portainer-mcp/pkg/portainer/models/docker.go:36.16,38.3 1 1
github.com/portainer/portainer-mcp/pkg/portainer/models/docker.go:40.2,47.27 2 0
github.com/portainer/portainer-mcp/pkg/portainer/models/docker.go:47.27,55.3 1 0
github.com/portainer/portainer-mcp/pkg/portainer/models/docker.go:57.2,57.23 1 0
github.com/portainer/portainer-mcp/pkg/portainer/models/docker.go:57.23,62.3 1 0
github.com/portainer/portainer-mcp/pkg/portainer/models/docker.go:64.2,64.18 1 0
github.com/portainer/portainer-mcp/pkg/portainer/models/edge_job.go:25.69,26.16 1 1
github.com/portainer/portainer-mcp/pkg/portainer/models/edge_job.go:26.16,28.3 1 1
github.com/portainer/portainer-mcp/pkg/portainer/models/edge_job.go:30.2,31.35 2 0
github.com/portainer/portainer-mcp/pkg/portainer/models/edge_job.go:31.35,33.3 1 0
github.com/portainer/portainer-mcp/pkg/portainer/models/edge_job.go:35.2,43.3 1 0
github.com/portainer/portainer-mcp/pkg/portainer/models/edge_job.go:66.117,67.16 1 1
github.com/portainer/portainer-mcp/pkg/portainer/models/edge_job.go:67.16,69.3 1 1
github.com/portainer/portainer-mcp/pkg/portainer/models/edge_job.go:71.2,72.37 2 0
github.com/portainer/portainer-mcp/pkg/portainer/models/edge_job.go:72.37,74.3 1 0
github.com/portainer/portainer-mcp/pkg/portainer/models/edge_job.go:76.2,86.3 1 0
github.com/portainer/portainer-mcp/pkg/portainer/models/environment.go:37.91,38.24 1 1
github.com/portainer/portainer-mcp/pkg/portainer/models/environment.go:38.24,40.3 1 1
github.com/portainer/portainer-mcp/pkg/portainer/models/environment.go:42.2,50.3 1 1
github.com/portainer/portainer-mcp/pkg/portainer/models/environment.go:53.82,54.52 1 1
github.com/portainer/portainer-mcp/pkg/portainer/models/environment.go:54.52,56.3 1 1
github.com/portainer/portainer-mcp/pkg/portainer/models/environment.go:57.2,57.54 1 1
github.com/portainer/portainer-mcp/pkg/portainer/models/environment.go:60.90,61.28 1 1
github.com/portainer/portainer-mcp/pkg/portainer/models/environment.go:62.9,63.33 1 1
github.com/portainer/portainer-mcp/pkg/portainer/models/environment.go:64.9,65.35 1 1
github.com/portainer/portainer-mcp/pkg/portainer/models/environment.go:66.10,67.34 1 1
github.com/portainer/portainer-mcp/pkg/portainer/models/environment.go:71.86,72.27 1 1
github.com/portainer/portainer-mcp/pkg/portainer/models/environment.go:72.27,74.3 1 1
github.com/portainer/portainer-mcp/pkg/portainer/models/environment.go:75.2,75.34 1 1
github.com/portainer/portainer-mcp/pkg/portainer/models/environment.go:78.80,79.26 1 1
github.com/portainer/portainer-mcp/pkg/portainer/models/environment.go:80.9,81.36 1 1
github.com/portainer/portainer-mcp/pkg/portainer/models/environment.go:82.9,83.36 1 1
github.com/portainer/portainer-mcp/pkg/portainer/models/environment.go:84.9,85.33 1 1
github.com/portainer/portainer-mcp/pkg/portainer/models/environment.go:86.9,87.40 1 1
github.com/portainer/portainer-mcp/pkg/portainer/models/environment.go:88.9,89.40 1 1
github.com/portainer/portainer-mcp/pkg/portainer/models/environment.go:90.9,91.40 1 1
github.com/portainer/portainer-mcp/pkg/portainer/models/environment.go:92.9,93.44 1 1
github.com/portainer/portainer-mcp/pkg/portainer/models/environment.go:94.10,95.32 1 1
github.com/portainer/portainer-mcp/pkg/portainer/models/group.go:15.90,16.25 1 1
github.com/portainer/portainer-mcp/pkg/portainer/models/group.go:16.25,18.3 1 1
github.com/portainer/portainer-mcp/pkg/portainer/models/group.go:20.2,25.3 1 1
github.com/portainer/portainer-mcp/pkg/portainer/models/helm.go:41.89,42.16 1 1
github.com/portainer/portainer-mcp/pkg/portainer/models/helm.go:42.16,44.3 1 1
github.com/portainer/portainer-mcp/pkg/portainer/models/helm.go:46.2,50.3 1 0
github.com/portainer/portainer-mcp/pkg/portainer/models/helm.go:54.101,55.16 1 1
github.com/portainer/portainer-mcp/pkg/portainer/models/helm.go:55.16,57.3 1 1
github.com/portainer/portainer-mcp/pkg/portainer/models/helm.go:59.2,60.41 2 0
github.com/portainer/portainer-mcp/pkg/portainer/models/helm.go:60.41,62.3 1 0
github.com/portainer/portainer-mcp/pkg/portainer/models/helm.go:64.2,67.3 1 0
github.com/portainer/portainer-mcp/pkg/portainer/models/helm.go:71.77,72.16 1 1
github.com/portainer/portainer-mcp/pkg/portainer/models/helm.go:72.16,74.3 1 1
github.com/portainer/portainer-mcp/pkg/portainer/models/helm.go:76.2,84.3 1 0
github.com/portainer/portainer-mcp/pkg/portainer/models/helm.go:88.84,89.16 1 1
github.com/portainer/portainer-mcp/pkg/portainer/models/helm.go:89.16,91.3 1 1
github.com/portainer/portainer-mcp/pkg/portainer/models/helm.go:93.2,94.21 2 0
github.com/portainer/portainer-mcp/pkg/portainer/models/helm.go:94.21,96.3 1 0
github.com/portainer/portainer-mcp/pkg/portainer/models/helm.go:98.2,104.3 1 0
github.com/portainer/portainer-mcp/pkg/portainer/models/kubernetes.go:37.85,38.16 1 1
github.com/portainer/portainer-mcp/pkg/portainer/models/kubernetes.go:38.16,40.3 1 1
github.com/portainer/portainer-mcp/pkg/portainer/models/kubernetes.go:42.2,50.3 1 0
github.com/portainer/portainer-mcp/pkg/portainer/models/kubernetes.go:64.88,65.16 1 1
github.com/portainer/portainer-mcp/pkg/portainer/models/kubernetes.go:65.16,67.3 1 1
github.com/portainer/portainer-mcp/pkg/portainer/models/kubernetes.go:69.2,76.3 1 0
github.com/portainer/portainer-mcp/pkg/portainer/models/motd.go:19.52,22.40 2 1
github.com/portainer/portainer-mcp/pkg/portainer/models/motd.go:22.40,24.3 1 0
github.com/portainer/portainer-mcp/pkg/portainer/models/motd.go:25.2,25.42 1 1
github.com/portainer/portainer-mcp/pkg/portainer/models/motd.go:25.42,27.3 1 0
github.com/portainer/portainer-mcp/pkg/portainer/models/motd.go:28.2,28.40 1 1
github.com/portainer/portainer-mcp/pkg/portainer/models/motd.go:28.40,30.3 1 0
github.com/portainer/portainer-mcp/pkg/portainer/models/motd.go:31.2,31.30 1 1
github.com/portainer/portainer-mcp/pkg/portainer/models/motd.go:31.30,34.3 2 0
github.com/portainer/portainer-mcp/pkg/portainer/models/motd.go:35.2,35.56 1 1
github.com/portainer/portainer-mcp/pkg/portainer/models/motd.go:35.56,37.25 2 0
github.com/portainer/portainer-mcp/pkg/portainer/models/motd.go:37.25,38.33 1 0
github.com/portainer/portainer-mcp/pkg/portainer/models/motd.go:38.33,40.5 1 0
github.com/portainer/portainer-mcp/pkg/portainer/models/motd.go:44.2,44.13 1 1
github.com/portainer/portainer-mcp/pkg/portainer/models/registry.go:17.88,18.24 1 1
github.com/portainer/portainer-mcp/pkg/portainer/models/registry.go:18.24,20.3 1 1
github.com/portainer/portainer-mcp/pkg/portainer/models/registry.go:22.2,30.3 1 0
github.com/portainer/portainer-mcp/pkg/portainer/models/role.go:17.57,18.16 1 1
github.com/portainer/portainer-mcp/pkg/portainer/models/role.go:18.16,20.3 1 1
github.com/portainer/portainer-mcp/pkg/portainer/models/role.go:22.2,26.19 2 0
github.com/portainer/portainer-mcp/pkg/portainer/models/role.go:26.19,28.3 1 0
github.com/portainer/portainer-mcp/pkg/portainer/models/role.go:29.2,29.21 1 0
github.com/portainer/portainer-mcp/pkg/portainer/models/role.go:29.21,31.3 1 0
github.com/portainer/portainer-mcp/pkg/portainer/models/role.go:32.2,32.28 1 0
github.com/portainer/portainer-mcp/pkg/portainer/models/role.go:32.28,34.3 1 0
github.com/portainer/portainer-mcp/pkg/portainer/models/role.go:35.2,35.25 1 0
github.com/portainer/portainer-mcp/pkg/portainer/models/role.go:35.25,37.3 1 0
github.com/portainer/portainer-mcp/pkg/portainer/models/role.go:39.2,39.13 1 0
github.com/portainer/portainer-mcp/pkg/portainer/models/settings.go:25.103,26.24 1 1
github.com/portainer/portainer-mcp/pkg/portainer/models/settings.go:26.24,28.3 1 1
github.com/portainer/portainer-mcp/pkg/portainer/models/settings.go:30.2,34.29 4 1
github.com/portainer/portainer-mcp/pkg/portainer/models/settings.go:34.29,36.3 1 1
github.com/portainer/portainer-mcp/pkg/portainer/models/settings.go:37.2,39.45 3 1
github.com/portainer/portainer-mcp/pkg/portainer/models/settings.go:39.45,41.3 1 0
github.com/portainer/portainer-mcp/pkg/portainer/models/settings.go:43.2,43.10 1 1
github.com/portainer/portainer-mcp/pkg/portainer/models/settings.go:60.92,61.16 1 1
github.com/portainer/portainer-mcp/pkg/portainer/models/settings.go:61.16,63.3 1 1
github.com/portainer/portainer-mcp/pkg/portainer/models/settings.go:65.2,75.3 1 0
github.com/portainer/portainer-mcp/pkg/portainer/models/settings.go:78.55,79.16 1 1
github.com/portainer/portainer-mcp/pkg/portainer/models/settings.go:80.9,81.38 1 1
github.com/portainer/portainer-mcp/pkg/portainer/models/settings.go:82.9,83.34 1 1
github.com/portainer/portainer-mcp/pkg/portainer/models/settings.go:84.9,85.35 1 1
github.com/portainer/portainer-mcp/pkg/portainer/models/settings.go:86.10,87.37 1 1
github.com/portainer/portainer-mcp/pkg/portainer/models/ssl.go:15.78,16.16 1 1
github.com/portainer/portainer-mcp/pkg/portainer/models/ssl.go:16.16,18.3 1 1
github.com/portainer/portainer-mcp/pkg/portainer/models/ssl.go:20.2,26.3 1 0
github.com/portainer/portainer-mcp/pkg/portainer/models/stack.go:17.82,18.25 1 1
github.com/portainer/portainer-mcp/pkg/portainer/models/stack.go:18.25,20.3 1 1
github.com/portainer/portainer-mcp/pkg/portainer/models/stack.go:22.2,29.3 2 1
github.com/portainer/portainer-mcp/pkg/portainer/models/stack.go:47.72,48.16 1 1
github.com/portainer/portainer-mcp/pkg/portainer/models/stack.go:48.16,50.3 1 1
github.com/portainer/portainer-mcp/pkg/portainer/models/stack.go:52.2,53.26 2 0
github.com/portainer/portainer-mcp/pkg/portainer/models/stack.go:53.26,55.3 1 0
github.com/portainer/portainer-mcp/pkg/portainer/models/stack.go:57.2,68.3 1 0
github.com/portainer/portainer-mcp/pkg/portainer/models/system.go:12.119,13.22 1 1
github.com/portainer/portainer-mcp/pkg/portainer/models/system.go:13.22,15.3 1 1
github.com/portainer/portainer-mcp/pkg/portainer/models/system.go:17.2,20.3 1 0
github.com/portainer/portainer-mcp/pkg/portainer/models/tag.go:15.80,16.19 1 1
github.com/portainer/portainer-mcp/pkg/portainer/models/tag.go:16.19,18.3 1 1
github.com/portainer/portainer-mcp/pkg/portainer/models/tag.go:20.2,22.43 2 1
github.com/portainer/portainer-mcp/pkg/portainer/models/tag.go:22.43,24.17 2 1
github.com/portainer/portainer-mcp/pkg/portainer/models/tag.go:24.17,26.4 1 1
github.com/portainer/portainer-mcp/pkg/portainer/models/tag.go:29.2,33.3 1 1
github.com/portainer/portainer-mcp/pkg/portainer/models/team.go:13.112,14.20 1 1
github.com/portainer/portainer-mcp/pkg/portainer/models/team.go:14.20,16.3 1 1
github.com/portainer/portainer-mcp/pkg/portainer/models/team.go:18.2,19.40 2 1
github.com/portainer/portainer-mcp/pkg/portainer/models/team.go:19.40,20.20 1 1
github.com/portainer/portainer-mcp/pkg/portainer/models/team.go:20.20,21.12 1 1
github.com/portainer/portainer-mcp/pkg/portainer/models/team.go:23.3,23.34 1 1
github.com/portainer/portainer-mcp/pkg/portainer/models/team.go:23.34,25.4 1 1
github.com/portainer/portainer-mcp/pkg/portainer/models/team.go:28.2,32.3 1 1
github.com/portainer/portainer-mcp/pkg/portainer/models/user.go:21.61,22.20 1 1
github.com/portainer/portainer-mcp/pkg/portainer/models/user.go:22.20,24.3 1 1
github.com/portainer/portainer-mcp/pkg/portainer/models/user.go:26.2,30.3 1 1
github.com/portainer/portainer-mcp/pkg/portainer/models/user.go:33.65,34.22 1 1
github.com/portainer/portainer-mcp/pkg/portainer/models/user.go:35.9,36.23 1 1
github.com/portainer/portainer-mcp/pkg/portainer/models/user.go:37.9,38.22 1 1
github.com/portainer/portainer-mcp/pkg/portainer/models/user.go:39.9,40.27 1 1
github.com/portainer/portainer-mcp/pkg/portainer/models/user.go:41.10,42.25 1 1
github.com/portainer/portainer-mcp/pkg/portainer/models/webhook.go:18.64,19.16 1 1
github.com/portainer/portainer-mcp/pkg/portainer/models/webhook.go:19.16,21.3 1 1
github.com/portainer/portainer-mcp/pkg/portainer/models/webhook.go:23.2,30.3 1 0
github.com/portainer/portainer-mcp/pkg/portainer/client/access_group.go:16.75,18.16 2 1
github.com/portainer/portainer-mcp/pkg/portainer/client/access_group.go:18.16,20.3 1 1
github.com/portainer/portainer-mcp/pkg/portainer/client/access_group.go:22.2,23.16 2 1
github.com/portainer/portainer-mcp/pkg/portainer/client/access_group.go:23.16,25.3 1 1
github.com/portainer/portainer-mcp/pkg/portainer/client/access_group.go:27.2,28.31 2 1
github.com/portainer/portainer-mcp/pkg/portainer/client/access_group.go:28.31,30.3 1 1
github.com/portainer/portainer-mcp/pkg/portainer/client/access_group.go:32.2,32.26 1 1
github.com/portainer/portainer-mcp/pkg/portainer/client/access_group.go:43.93,45.16 2 1
github.com/portainer/portainer-mcp/pkg/portainer/client/access_group.go:45.16,47.3 1 1
github.com/portainer/portainer-mcp/pkg/portainer/client/access_group.go:49.2,49.26 1 1
github.com/portainer/portainer-mcp/pkg/portainer/client/access_group.go:60.76,62.16 2 1
github.com/portainer/portainer-mcp/pkg/portainer/client/access_group.go:62.16,64.3 1 1
github.com/portainer/portainer-mcp/pkg/portainer/client/access_group.go:65.2,65.12 1 1
github.com/portainer/portainer-mcp/pkg/portainer/client/access_group.go:83.100,86.16 3 1
github.com/portainer/portainer-mcp/pkg/portainer/client/access_group.go:86.16,88.3 1 1
github.com/portainer/portainer-mcp/pkg/portainer/client/access_group.go:89.2,89.12 1 1
github.com/portainer/portainer-mcp/pkg/portainer/client/access_group.go:107.100,110.16 3 1
github.com/portainer/portainer-mcp/pkg/portainer/client/access_group.go:110.16,112.3 1 1
github.com/portainer/portainer-mcp/pkg/portainer/client/access_group.go:113.2,113.12 1 1
github.com/portainer/portainer-mcp/pkg/portainer/client/access_group.go:124.88,126.2 1 1
github.com/portainer/portainer-mcp/pkg/portainer/client/access_group.go:136.93,138.2 1 1
github.com/portainer/portainer-mcp/pkg/portainer/client/adapter.go:46.91,50.19 3 1
github.com/portainer/portainer-mcp/pkg/portainer/client/adapter.go:50.19,56.3 1 1
github.com/portainer/portainer-mcp/pkg/portainer/client/adapter.go:57.2,57.104 1 1
github.com/portainer/portainer-mcp/pkg/portainer/client/adapter.go:57.104,59.3 1 0
github.com/portainer/portainer-mcp/pkg/portainer/client/adapter.go:60.2,66.3 2 1
github.com/portainer/portainer-mcp/pkg/portainer/client/adapter.go:70.57,73.16 3 0
github.com/portainer/portainer-mcp/pkg/portainer/client/adapter.go:73.16,75.3 1 0
github.com/portainer/portainer-mcp/pkg/portainer/client/adapter.go:76.2,76.12 1 0
github.com/portainer/portainer-mcp/pkg/portainer/client/adapter.go:80.58,83.16 3 0
github.com/portainer/portainer-mcp/pkg/portainer/client/adapter.go:83.16,85.3 1 0
github.com/portainer/portainer-mcp/pkg/portainer/client/adapter.go:86.2,86.12 1 0
github.com/portainer/portainer-mcp/pkg/portainer/client/adapter.go:90.58,93.16 3 0
github.com/portainer/portainer-mcp/pkg/portainer/client/adapter.go:93.16,95.3 1 0
github.com/portainer/portainer-mcp/pkg/portainer/client/adapter.go:96.2,96.12 1 0
github.com/portainer/portainer-mcp/pkg/portainer/client/adapter.go:100.62,103.16 3 0
github.com/portainer/portainer-mcp/pkg/portainer/client/adapter.go:103.16,105.3 1 0
github.com/portainer/portainer-mcp/pkg/portainer/client/adapter.go:106.2,106.12 1 0
github.com/portainer/portainer-mcp/pkg/portainer/client/adapter.go:110.64,113.16 3 0
github.com/portainer/portainer-mcp/pkg/portainer/client/adapter.go:113.16,115.3 1 0
github.com/portainer/portainer-mcp/pkg/portainer/client/adapter.go:116.2,116.12 1 0
github.com/portainer/portainer-mcp/pkg/portainer/client/adapter.go:120.60,123.16 3 0
github.com/portainer/portainer-mcp/pkg/portainer/client/adapter.go:123.16,125.3 1 0
github.com/portainer/portainer-mcp/pkg/portainer/client/adapter.go:126.2,126.12 1 0
github.com/portainer/portainer-mcp/pkg/portainer/client/adapter.go:130.85,133.16 3 0
github.com/portainer/portainer-mcp/pkg/portainer/client/adapter.go:133.16,135.3 1 0
github.com/portainer/portainer-mcp/pkg/portainer/client/adapter.go:136.2,136.26 1 0
github.com/portainer/portainer-mcp/pkg/portainer/client/adapter.go:140.116,148.16 4 0
github.com/portainer/portainer-mcp/pkg/portainer/client/adapter.go:148.16,150.3 1 0
github.com/portainer/portainer-mcp/pkg/portainer/client/adapter.go:151.2,151.29 1 0
github.com/portainer/portainer-mcp/pkg/portainer/client/adapter.go:155.61,158.16 3 0
github.com/portainer/portainer-mcp/pkg/portainer/client/adapter.go:158.16,160.3 1 0
github.com/portainer/portainer-mcp/pkg/portainer/client/adapter.go:161.2,161.12 1 0
github.com/portainer/portainer-mcp/pkg/portainer/client/adapter.go:165.101,168.16 3 0
github.com/portainer/portainer-mcp/pkg/portainer/client/adapter.go:168.16,170.3 1 0
github.com/portainer/portainer-mcp/pkg/portainer/client/adapter.go:171.2,171.26 1 0
github.com/portainer/portainer-mcp/pkg/portainer/client/adapter.go:175.105,178.16 3 0
github.com/portainer/portainer-mcp/pkg/portainer/client/adapter.go:178.16,180.3 1 0
github.com/portainer/portainer-mcp/pkg/portainer/client/adapter.go:181.2,181.26 1 0
github.com/portainer/portainer-mcp/pkg/portainer/client/adapter.go:185.79,188.16 3 0
github.com/portainer/portainer-mcp/pkg/portainer/client/adapter.go:188.16,190.3 1 0
github.com/portainer/portainer-mcp/pkg/portainer/client/adapter.go:191.2,191.38 1 0
github.com/portainer/portainer-mcp/pkg/portainer/client/adapter.go:195.170,198.16 3 0
github.com/portainer/portainer-mcp/pkg/portainer/client/adapter.go:198.16,200.3 1 0
github.com/portainer/portainer-mcp/pkg/portainer/client/adapter.go:201.2,201.26 1 0
github.com/portainer/portainer-mcp/pkg/portainer/client/adapter.go:205.68,208.16 3 0
github.com/portainer/portainer-mcp/pkg/portainer/client/adapter.go:208.16,210.3 1 0
github.com/portainer/portainer-mcp/pkg/portainer/client/adapter.go:211.2,211.12 1 0
github.com/portainer/portainer-mcp/pkg/portainer/client/adapter.go:215.90,218.16 3 0
github.com/portainer/portainer-mcp/pkg/portainer/client/adapter.go:218.16,220.3 1 0
github.com/portainer/portainer-mcp/pkg/portainer/client/adapter.go:221.2,221.26 1 0
github.com/portainer/portainer-mcp/pkg/portainer/client/adapter.go:225.97,228.16 3 0
github.com/portainer/portainer-mcp/pkg/portainer/client/adapter.go:228.16,230.3 1 0
github.com/portainer/portainer-mcp/pkg/portainer/client/adapter.go:231.2,231.26 1 0
github.com/portainer/portainer-mcp/pkg/portainer/client/adapter.go:235.110,238.16 3 0
github.com/portainer/portainer-mcp/pkg/portainer/client/adapter.go:238.16,240.3 1 0
github.com/portainer/portainer-mcp/pkg/portainer/client/adapter.go:241.2,241.29 1 0
github.com/portainer/portainer-mcp/pkg/portainer/client/adapter.go:245.111,248.16 3 0
github.com/portainer/portainer-mcp/pkg/portainer/client/adapter.go:248.16,250.3 1 0
github.com/portainer/portainer-mcp/pkg/portainer/client/adapter.go:251.2,251.12 1 0
github.com/portainer/portainer-mcp/pkg/portainer/client/adapter.go:255.62,258.16 3 0
github.com/portainer/portainer-mcp/pkg/portainer/client/adapter.go:258.16,260.3 1 0
github.com/portainer/portainer-mcp/pkg/portainer/client/adapter.go:261.2,261.12 1 0
github.com/portainer/portainer-mcp/pkg/portainer/client/adapter.go:265.88,268.16 3 0
github.com/portainer/portainer-mcp/pkg/portainer/client/adapter.go:268.16,270.3 1 0
github.com/portainer/portainer-mcp/pkg/portainer/client/adapter.go:271.2,271.26 1 0
github.com/portainer/portainer-mcp/pkg/portainer/client/adapter.go:275.99,278.16 3 0
github.com/portainer/portainer-mcp/pkg/portainer/client/adapter.go:278.16,280.3 1 0
github.com/portainer/portainer-mcp/pkg/portainer/client/adapter.go:281.2,281.26 1 0
github.com/portainer/portainer-mcp/pkg/portainer/client/adapter.go:285.67,291.16 4 0
github.com/portainer/portainer-mcp/pkg/portainer/client/adapter.go:291.16,293.3 1 0
github.com/portainer/portainer-mcp/pkg/portainer/client/adapter.go:294.2,294.12 1 0
github.com/portainer/portainer-mcp/pkg/portainer/client/adapter.go:298.87,301.16 3 0
github.com/portainer/portainer-mcp/pkg/portainer/client/adapter.go:301.16,303.3 1 0
github.com/portainer/portainer-mcp/pkg/portainer/client/adapter.go:304.2,304.12 1 0
github.com/portainer/portainer-mcp/pkg/portainer/client/adapter.go:308.92,311.16 3 0
github.com/portainer/portainer-mcp/pkg/portainer/client/adapter.go:311.16,313.3 1 0
github.com/portainer/portainer-mcp/pkg/portainer/client/adapter.go:314.2,314.12 1 0
github.com/portainer/portainer-mcp/pkg/portainer/client/adapter.go:318.81,321.16 3 0
github.com/portainer/portainer-mcp/pkg/portainer/client/adapter.go:321.16,323.3 1 0
github.com/portainer/portainer-mcp/pkg/portainer/client/adapter.go:324.2,324.26 1 0
github.com/portainer/portainer-mcp/pkg/portainer/client/adapter.go:328.65,338.102 1 0
github.com/portainer/portainer-mcp/pkg/portainer/client/adapter.go:338.102,340.4 1 0
github.com/portainer/portainer-mcp/pkg/portainer/client/adapter.go:342.118,344.65 2 0
github.com/portainer/portainer-mcp/pkg/portainer/client/adapter.go:344.65,346.5 1 0
github.com/portainer/portainer-mcp/pkg/portainer/client/adapter.go:347.4,347.22 1 0
github.com/portainer/portainer-mcp/pkg/portainer/client/adapter.go:350.2,351.16 2 0
github.com/portainer/portainer-mcp/pkg/portainer/client/adapter.go:351.16,353.3 1 0
github.com/portainer/portainer-mcp/pkg/portainer/client/adapter.go:354.2,354.34 1 0
github.com/portainer/portainer-mcp/pkg/portainer/client/adapter.go:358.85,361.16 3 0
github.com/portainer/portainer-mcp/pkg/portainer/client/adapter.go:361.16,363.3 1 0
github.com/portainer/portainer-mcp/pkg/portainer/client/adapter.go:364.2,364.26 1 0
github.com/portainer/portainer-mcp/pkg/portainer/client/adapter.go:368.89,371.16 3 0
github.com/portainer/portainer-mcp/pkg/portainer/client/adapter.go:371.16,373.3 1 0
github.com/portainer/portainer-mcp/pkg/portainer/client/adapter.go:374.2,374.26 1 0
github.com/portainer/portainer-mcp/pkg/portainer/client/adapter.go:378.72,381.16 3 0
github.com/portainer/portainer-mcp/pkg/portainer/client/adapter.go:381.16,383.3 1 0
github.com/portainer/portainer-mcp/pkg/portainer/client/adapter.go:384.2,384.38 1 0
github.com/portainer/portainer-mcp/pkg/portainer/client/adapter.go:388.124,391.16 3 0
github.com/portainer/portainer-mcp/pkg/portainer/client/adapter.go:391.16,393.3 1 0
github.com/portainer/portainer-mcp/pkg/portainer/client/adapter.go:394.2,394.29 1 0
github.com/portainer/portainer-mcp/pkg/portainer/client/adapter.go:398.61,401.16 3 0
github.com/portainer/portainer-mcp/pkg/portainer/client/adapter.go:401.16,403.3 1 0
github.com/portainer/portainer-mcp/pkg/portainer/client/adapter.go:404.2,404.12 1 0
github.com/portainer/portainer-mcp/pkg/portainer/client/adapter.go:408.102,411.16 3 0
github.com/portainer/portainer-mcp/pkg/portainer/client/adapter.go:411.16,413.3 1 0
github.com/portainer/portainer-mcp/pkg/portainer/client/adapter.go:414.2,414.12 1 0
github.com/portainer/portainer-mcp/pkg/portainer/client/adapter.go:418.102,421.16 3 0
github.com/portainer/portainer-mcp/pkg/portainer/client/adapter.go:421.16,423.3 1 0
github.com/portainer/portainer-mcp/pkg/portainer/client/adapter.go:424.2,424.26 1 0
github.com/portainer/portainer-mcp/pkg/portainer/client/adapter.go:428.91,431.16 3 0
github.com/portainer/portainer-mcp/pkg/portainer/client/adapter.go:431.16,433.3 1 0
github.com/portainer/portainer-mcp/pkg/portainer/client/adapter.go:434.2,434.26 1 0
github.com/portainer/portainer-mcp/pkg/portainer/client/adapter.go:438.95,441.16 3 0
github.com/portainer/portainer-mcp/pkg/portainer/client/adapter.go:441.16,443.3 1 0
github.com/portainer/portainer-mcp/pkg/portainer/client/adapter.go:444.2,444.12 1 0
github.com/portainer/portainer-mcp/pkg/portainer/client/adapter.go:448.90,451.16 3 0
github.com/portainer/portainer-mcp/pkg/portainer/client/adapter.go:451.16,453.3 1 0
github.com/portainer/portainer-mcp/pkg/portainer/client/adapter.go:454.2,454.36 1 0
github.com/portainer/portainer-mcp/pkg/portainer/client/adapter.go:458.76,461.16 3 0
github.com/portainer/portainer-mcp/pkg/portainer/client/adapter.go:461.16,463.3 1 0
github.com/portainer/portainer-mcp/pkg/portainer/client/adapter.go:464.2,464.38 1 0
github.com/portainer/portainer-mcp/pkg/portainer/client/adapter.go:468.122,471.16 3 0
github.com/portainer/portainer-mcp/pkg/portainer/client/adapter.go:471.16,473.3 1 0
github.com/portainer/portainer-mcp/pkg/portainer/client/adapter.go:474.2,474.26 1 0
github.com/portainer/portainer-mcp/pkg/portainer/client/adapter.go:478.120,485.16 4 0
github.com/portainer/portainer-mcp/pkg/portainer/client/adapter.go:485.16,487.3 1 0
github.com/portainer/portainer-mcp/pkg/portainer/client/adapter.go:488.2,488.26 1 0
github.com/portainer/portainer-mcp/pkg/portainer/client/adapter.go:492.46,495.16 3 0
github.com/portainer/portainer-mcp/pkg/portainer/client/adapter.go:495.16,497.3 1 0
github.com/portainer/portainer-mcp/pkg/portainer/client/adapter.go:498.2,498.12 1 0
github.com/portainer/portainer-mcp/pkg/portainer/client/adapter.go:502.118,505.16 3 0
github.com/portainer/portainer-mcp/pkg/portainer/client/adapter.go:505.16,507.3 1 0
github.com/portainer/portainer-mcp/pkg/portainer/client/adapter.go:508.2,508.26 1 0
github.com/portainer/portainer-mcp/pkg/portainer/client/adapter.go:512.126,515.16 3 0
github.com/portainer/portainer-mcp/pkg/portainer/client/adapter.go:515.16,517.3 1 0
github.com/portainer/portainer-mcp/pkg/portainer/client/adapter.go:518.2,518.26 1 0
github.com/portainer/portainer-mcp/pkg/portainer/client/adapter.go:522.92,525.16 3 0
github.com/portainer/portainer-mcp/pkg/portainer/client/adapter.go:525.16,527.3 1 0
github.com/portainer/portainer-mcp/pkg/portainer/client/adapter.go:528.2,528.12 1 0
github.com/portainer/portainer-mcp/pkg/portainer/client/adapter.go:532.92,534.18 2 0
github.com/portainer/portainer-mcp/pkg/portainer/client/adapter.go:534.18,536.3 1 0
github.com/portainer/portainer-mcp/pkg/portainer/client/adapter.go:537.2,538.16 2 0
github.com/portainer/portainer-mcp/pkg/portainer/client/adapter.go:538.16,540.3 1 0
github.com/portainer/portainer-mcp/pkg/portainer/client/adapter.go:541.2,541.26 1 0
github.com/portainer/portainer-mcp/pkg/portainer/client/adapter.go:545.148,548.16 3 0
github.com/portainer/portainer-mcp/pkg/portainer/client/adapter.go:548.16,550.3 1 0
github.com/portainer/portainer-mcp/pkg/portainer/client/adapter.go:551.2,551.26 1 0
github.com/portainer/portainer-mcp/pkg/portainer/client/adapter.go:555.166,557.22 2 0
github.com/portainer/portainer-mcp/pkg/portainer/client/adapter.go:557.22,559.3 1 0
github.com/portainer/portainer-mcp/pkg/portainer/client/adapter.go:560.2,560.19 1 0
github.com/portainer/portainer-mcp/pkg/portainer/client/adapter.go:560.19,562.3 1 0
github.com/portainer/portainer-mcp/pkg/portainer/client/adapter.go:563.2,563.21 1 0
github.com/portainer/portainer-mcp/pkg/portainer/client/adapter.go:563.21,565.3 1 0
github.com/portainer/portainer-mcp/pkg/portainer/client/adapter.go:566.2,567.16 2 0
github.com/portainer/portainer-mcp/pkg/portainer/client/adapter.go:567.16,569.3 1 0
github.com/portainer/portainer-mcp/pkg/portainer/client/adapter.go:570.2,570.26 1 0
github.com/portainer/portainer-mcp/pkg/portainer/client/adapter.go:574.111,576.22 2 0
github.com/portainer/portainer-mcp/pkg/portainer/client/adapter.go:576.22,578.3 1 0
github.com/portainer/portainer-mcp/pkg/portainer/client/adapter.go:579.2,580.16 2 0
github.com/portainer/portainer-mcp/pkg/portainer/client/adapter.go:580.16,582.3 1 0
github.com/portainer/portainer-mcp/pkg/portainer/client/adapter.go:583.2,583.12 1 0
github.com/portainer/portainer-mcp/pkg/portainer/client/adapter.go:587.143,589.22 2 0
github.com/portainer/portainer-mcp/pkg/portainer/client/adapter.go:589.22,591.3 1 0
github.com/portainer/portainer-mcp/pkg/portainer/client/adapter.go:592.2,593.16 2 0
github.com/portainer/portainer-mcp/pkg/portainer/client/adapter.go:593.16,595.3 1 0
github.com/portainer/portainer-mcp/pkg/portainer/client/adapter.go:596.2,596.26 1 0
github.com/portainer/portainer-mcp/pkg/portainer/client/adapter.go:601.115,609.102 1 0
github.com/portainer/portainer-mcp/pkg/portainer/client/adapter.go:609.102,611.4 1 0
github.com/portainer/portainer-mcp/pkg/portainer/client/adapter.go:613.118,615.65 2 0
github.com/portainer/portainer-mcp/pkg/portainer/client/adapter.go:615.65,617.5 1 0
github.com/portainer/portainer-mcp/pkg/portainer/client/adapter.go:618.4,618.23 1 0
github.com/portainer/portainer-mcp/pkg/portainer/client/adapter.go:621.2,622.16 2 0
github.com/portainer/portainer-mcp/pkg/portainer/client/adapter.go:622.16,624.3 1 0
github.com/portainer/portainer-mcp/pkg/portainer/client/adapter.go:625.2,625.54 1 0
github.com/portainer/portainer-mcp/pkg/portainer/client/adapter.go:630.118,638.102 1 0
github.com/portainer/portainer-mcp/pkg/portainer/client/adapter.go:638.102,640.4 1 0
github.com/portainer/portainer-mcp/pkg/portainer/client/adapter.go:642.118,644.65 2 0
github.com/portainer/portainer-mcp/pkg/portainer/client/adapter.go:644.65,646.5 1 0
github.com/portainer/portainer-mcp/pkg/portainer/client/adapter.go:647.4,647.23 1 0
github.com/portainer/portainer-mcp/pkg/portainer/client/adapter.go:650.2,651.16 2 0
github.com/portainer/portainer-mcp/pkg/portainer/client/adapter.go:651.16,653.3 1 0
github.com/portainer/portainer-mcp/pkg/portainer/client/adapter.go:654.2,654.53 1 0
github.com/portainer/portainer-mcp/pkg/portainer/client/adapter.go:658.124,661.16 3 0
github.com/portainer/portainer-mcp/pkg/portainer/client/adapter.go:661.16,663.3 1 0
github.com/portainer/portainer-mcp/pkg/portainer/client/adapter.go:664.2,664.26 1 0
github.com/portainer/portainer-mcp/pkg/portainer/client/adapter.go:668.93,671.16 3 0
github.com/portainer/portainer-mcp/pkg/portainer/client/adapter.go:671.16,673.3 1 0
github.com/portainer/portainer-mcp/pkg/portainer/client/adapter.go:674.2,674.26 1 0
github.com/portainer/portainer-mcp/pkg/portainer/client/adapter.go:678.90,681.16 3 0
github.com/portainer/portainer-mcp/pkg/portainer/client/adapter.go:681.16,683.3 1 0
github.com/portainer/portainer-mcp/pkg/portainer/client/adapter.go:684.2,684.26 1 0
github.com/portainer/portainer-mcp/pkg/portainer/client/adapter.go:684.26,686.3 1 0
github.com/portainer/portainer-mcp/pkg/portainer/client/adapter.go:687.2,687.26 1 0
github.com/portainer/portainer-mcp/pkg/portainer/client/adapter.go:691.91,694.16 3 0
github.com/portainer/portainer-mcp/pkg/portainer/client/adapter.go:694.16,696.3 1 0
github.com/portainer/portainer-mcp/pkg/portainer/client/adapter.go:697.2,697.26 1 0
github.com/portainer/portainer-mcp/pkg/portainer/client/adapter.go:701.97,704.16 3 0
github.com/portainer/portainer-mcp/pkg/portainer/client/adapter.go:704.16,706.3 1 0
github.com/portainer/portainer-mcp/pkg/portainer/client/adapter.go:707.2,707.12 1 0
github.com/portainer/portainer-mcp/pkg/portainer/client/adapter.go:711.74,714.16 3 0
github.com/portainer/portainer-mcp/pkg/portainer/client/adapter.go:714.16,716.3 1 0
github.com/portainer/portainer-mcp/pkg/portainer/client/adapter.go:717.2,717.43 1 0
github.com/portainer/portainer-mcp/pkg/portainer/client/adapter.go:721.156,724.16 3 0
github.com/portainer/portainer-mcp/pkg/portainer/client/adapter.go:724.16,726.3 1 0
github.com/portainer/portainer-mcp/pkg/portainer/client/adapter.go:727.2,727.26 1 0
github.com/portainer/portainer-mcp/pkg/portainer/client/adapter.go:731.159,734.16 3 0
github.com/portainer/portainer-mcp/pkg/portainer/client/adapter.go:734.16,736.3 1 0
github.com/portainer/portainer-mcp/pkg/portainer/client/adapter.go:737.2,737.26 1 0
github.com/portainer/portainer-mcp/pkg/portainer/client/adapter.go:741.107,744.16 3 0
github.com/portainer/portainer-mcp/pkg/portainer/client/adapter.go:744.16,746.3 1 0
github.com/portainer/portainer-mcp/pkg/portainer/client/adapter.go:747.2,747.26 1 0
github.com/portainer/portainer-mcp/pkg/portainer/client/adapter.go:751.106,754.16 3 0
github.com/portainer/portainer-mcp/pkg/portainer/client/adapter.go:754.16,756.3 1 0
github.com/portainer/portainer-mcp/pkg/portainer/client/adapter.go:757.2,757.26 1 0
github.com/portainer/portainer-mcp/pkg/portainer/client/adapter.go:761.152,764.16 3 0
github.com/portainer/portainer-mcp/pkg/portainer/client/adapter.go:764.16,766.3 1 0
github.com/portainer/portainer-mcp/pkg/portainer/client/adapter.go:767.2,767.26 1 0
github.com/portainer/portainer-mcp/pkg/portainer/client/app_template.go:10.75,12.16 2 0
github.com/portainer/portainer-mcp/pkg/portainer/client/app_template.go:12.16,14.3 1 0
github.com/portainer/portainer-mcp/pkg/portainer/client/app_template.go:16.2,16.47 1 0
github.com/portainer/portainer-mcp/pkg/portainer/client/app_template.go:20.70,22.16 2 0
github.com/portainer/portainer-mcp/pkg/portainer/client/app_template.go:22.16,24.3 1 0
github.com/portainer/portainer-mcp/pkg/portainer/client/app_template.go:26.2,26.21 1 0
github.com/portainer/portainer-mcp/pkg/portainer/client/auth.go:19.100,21.16 2 1
github.com/portainer/portainer-mcp/pkg/portainer/client/auth.go:21.16,23.3 1 1
github.com/portainer/portainer-mcp/pkg/portainer/client/auth.go:25.2,27.8 1 1
github.com/portainer/portainer-mcp/pkg/portainer/client/auth.go:34.42,36.16 2 1
github.com/portainer/portainer-mcp/pkg/portainer/client/auth.go:36.16,38.3 1 1
github.com/portainer/portainer-mcp/pkg/portainer/client/auth.go:40.2,40.12 1 1
github.com/portainer/portainer-mcp/pkg/portainer/client/backup.go:11.74,13.16 2 1
github.com/portainer/portainer-mcp/pkg/portainer/client/backup.go:13.16,15.3 1 1
github.com/portainer/portainer-mcp/pkg/portainer/client/backup.go:17.2,17.47 1 1
github.com/portainer/portainer-mcp/pkg/portainer/client/backup.go:21.82,23.16 2 1
github.com/portainer/portainer-mcp/pkg/portainer/client/backup.go:23.16,25.3 1 1
github.com/portainer/portainer-mcp/pkg/portainer/client/backup.go:27.2,27.51 1 1
github.com/portainer/portainer-mcp/pkg/portainer/client/backup.go:31.63,33.2 1 1
github.com/portainer/portainer-mcp/pkg/portainer/client/backup.go:36.78,48.2 2 1
github.com/portainer/portainer-mcp/pkg/portainer/client/backup.go:51.142,63.2 2 1
github.com/portainer/portainer-mcp/pkg/portainer/client/client.go:124.48,125.32 1 1
github.com/portainer/portainer-mcp/pkg/portainer/client/client.go:125.32,127.3 1 1
github.com/portainer/portainer-mcp/pkg/portainer/client/client.go:140.96,145.27 2 1
github.com/portainer/portainer-mcp/pkg/portainer/client/client.go:145.27,147.3 1 1
github.com/portainer/portainer-mcp/pkg/portainer/client/client.go:149.2,151.3 1 1
github.com/portainer/portainer-mcp/pkg/portainer/client/custom_template.go:15.81,17.16 2 1
github.com/portainer/portainer-mcp/pkg/portainer/client/custom_template.go:17.16,19.3 1 1
github.com/portainer/portainer-mcp/pkg/portainer/client/custom_template.go:21.2,22.35 2 1
github.com/portainer/portainer-mcp/pkg/portainer/client/custom_template.go:22.35,24.3 1 1
github.com/portainer/portainer-mcp/pkg/portainer/client/custom_template.go:26.2,26.23 1 1
github.com/portainer/portainer-mcp/pkg/portainer/client/custom_template.go:37.84,39.16 2 1
github.com/portainer/portainer-mcp/pkg/portainer/client/custom_template.go:39.16,41.3 1 1
github.com/portainer/portainer-mcp/pkg/portainer/client/custom_template.go:43.2,43.54 1 1
github.com/portainer/portainer-mcp/pkg/portainer/client/custom_template.go:54.73,56.16 2 1
github.com/portainer/portainer-mcp/pkg/portainer/client/custom_template.go:56.16,58.3 1 1
github.com/portainer/portainer-mcp/pkg/portainer/client/custom_template.go:60.2,60.21 1 1
github.com/portainer/portainer-mcp/pkg/portainer/client/custom_template.go:77.141,90.16 4 1
github.com/portainer/portainer-mcp/pkg/portainer/client/custom_template.go:90.16,92.3 1 1
github.com/portainer/portainer-mcp/pkg/portainer/client/custom_template.go:94.2,94.25 1 1
github.com/portainer/portainer-mcp/pkg/portainer/client/custom_template.go:104.62,106.16 2 1
github.com/portainer/portainer-mcp/pkg/portainer/client/custom_template.go:106.16,108.3 1 1
github.com/portainer/portainer-mcp/pkg/portainer/client/custom_template.go:110.2,110.12 1 1
github.com/portainer/portainer-mcp/pkg/portainer/client/docker.go:19.97,21.16 2 0
github.com/portainer/portainer-mcp/pkg/portainer/client/docker.go:21.16,23.3 1 0
github.com/portainer/portainer-mcp/pkg/portainer/client/docker.go:25.2,25.56 1 0
github.com/portainer/portainer-mcp/pkg/portainer/client/docker.go:36.109,43.31 2 1
github.com/portainer/portainer-mcp/pkg/portainer/client/docker.go:43.31,45.3 1 1
github.com/portainer/portainer-mcp/pkg/portainer/client/docker.go:47.2,47.27 1 1
github.com/portainer/portainer-mcp/pkg/portainer/client/docker.go:47.27,49.3 1 1
github.com/portainer/portainer-mcp/pkg/portainer/client/docker.go:51.2,51.64 1 1
github.com/portainer/portainer-mcp/pkg/portainer/client/edge_job.go:15.67,17.16 2 1
github.com/portainer/portainer-mcp/pkg/portainer/client/edge_job.go:17.16,19.3 1 1
github.com/portainer/portainer-mcp/pkg/portainer/client/edge_job.go:21.2,22.30 2 1
github.com/portainer/portainer-mcp/pkg/portainer/client/edge_job.go:22.30,24.3 1 1
github.com/portainer/portainer-mcp/pkg/portainer/client/edge_job.go:26.2,26.18 1 1
github.com/portainer/portainer-mcp/pkg/portainer/client/edge_job.go:37.70,39.16 2 1
github.com/portainer/portainer-mcp/pkg/portainer/client/edge_job.go:39.16,41.3 1 1
github.com/portainer/portainer-mcp/pkg/portainer/client/edge_job.go:43.2,43.47 1 1
github.com/portainer/portainer-mcp/pkg/portainer/client/edge_job.go:54.66,56.16 2 1
github.com/portainer/portainer-mcp/pkg/portainer/client/edge_job.go:56.16,58.3 1 1
github.com/portainer/portainer-mcp/pkg/portainer/client/edge_job.go:60.2,60.21 1 1
github.com/portainer/portainer-mcp/pkg/portainer/client/edge_job.go:76.147,78.30 2 1
github.com/portainer/portainer-mcp/pkg/portainer/client/edge_job.go:78.30,80.3 1 1
github.com/portainer/portainer-mcp/pkg/portainer/client/edge_job.go:82.2,83.31 2 1
github.com/portainer/portainer-mcp/pkg/portainer/client/edge_job.go:83.31,85.3 1 1
github.com/portainer/portainer-mcp/pkg/portainer/client/edge_job.go:87.2,97.16 3 1
github.com/portainer/portainer-mcp/pkg/portainer/client/edge_job.go:97.16,99.3 1 1
github.com/portainer/portainer-mcp/pkg/portainer/client/edge_job.go:101.2,101.21 1 1
github.com/portainer/portainer-mcp/pkg/portainer/client/edge_job.go:111.55,113.16 2 1
github.com/portainer/portainer-mcp/pkg/portainer/client/edge_job.go:113.16,115.3 1 1
github.com/portainer/portainer-mcp/pkg/portainer/client/edge_job.go:117.2,117.12 1 1
github.com/portainer/portainer-mcp/pkg/portainer/client/edge_job.go:125.89,127.16 2 1
github.com/portainer/portainer-mcp/pkg/portainer/client/edge_job.go:127.16,129.3 1 1
github.com/portainer/portainer-mcp/pkg/portainer/client/edge_job.go:131.2,132.35 2 1
github.com/portainer/portainer-mcp/pkg/portainer/client/edge_job.go:132.35,134.3 1 1
github.com/portainer/portainer-mcp/pkg/portainer/client/edge_job.go:136.2,136.23 1 1
github.com/portainer/portainer-mcp/pkg/portainer/client/environment.go:15.75,17.16 2 1
github.com/portainer/portainer-mcp/pkg/portainer/client/environment.go:17.16,19.3 1 1
github.com/portainer/portainer-mcp/pkg/portainer/client/environment.go:21.2,22.37 2 1
github.com/portainer/portainer-mcp/pkg/portainer/client/environment.go:22.37,24.3 1 1
github.com/portainer/portainer-mcp/pkg/portainer/client/environment.go:26.2,26.26 1 1
github.com/portainer/portainer-mcp/pkg/portainer/client/environment.go:37.78,39.16 2 1
github.com/portainer/portainer-mcp/pkg/portainer/client/environment.go:39.16,41.3 1 1
github.com/portainer/portainer-mcp/pkg/portainer/client/environment.go:43.2,43.59 1 1
github.com/portainer/portainer-mcp/pkg/portainer/client/environment.go:53.59,55.16 2 1
github.com/portainer/portainer-mcp/pkg/portainer/client/environment.go:55.16,57.3 1 1
github.com/portainer/portainer-mcp/pkg/portainer/client/environment.go:58.2,58.12 1 1
github.com/portainer/portainer-mcp/pkg/portainer/client/environment.go:68.61,70.16 2 1
github.com/portainer/portainer-mcp/pkg/portainer/client/environment.go:70.16,72.3 1 1
github.com/portainer/portainer-mcp/pkg/portainer/client/environment.go:73.2,73.12 1 1
github.com/portainer/portainer-mcp/pkg/portainer/client/environment.go:80.59,82.16 2 1
github.com/portainer/portainer-mcp/pkg/portainer/client/environment.go:82.16,84.3 1 1
github.com/portainer/portainer-mcp/pkg/portainer/client/environment.go:85.2,85.12 1 1
github.com/portainer/portainer-mcp/pkg/portainer/client/environment.go:96.77,103.16 3 1
github.com/portainer/portainer-mcp/pkg/portainer/client/environment.go:103.16,105.3 1 1
github.com/portainer/portainer-mcp/pkg/portainer/client/environment.go:106.2,106.12 1 1
github.com/portainer/portainer-mcp/pkg/portainer/client/environment.go:124.100,131.16 3 1
github.com/portainer/portainer-mcp/pkg/portainer/client/environment.go:131.16,133.3 1 1
github.com/portainer/portainer-mcp/pkg/portainer/client/environment.go:134.2,134.12 1 1
github.com/portainer/portainer-mcp/pkg/portainer/client/environment.go:152.100,159.16 3 1
github.com/portainer/portainer-mcp/pkg/portainer/client/environment.go:159.16,161.3 1 1
github.com/portainer/portainer-mcp/pkg/portainer/client/environment.go:162.2,162.12 1 1
github.com/portainer/portainer-mcp/pkg/portainer/client/group.go:16.74,18.16 2 1
github.com/portainer/portainer-mcp/pkg/portainer/client/group.go:18.16,20.3 1 1
github.com/portainer/portainer-mcp/pkg/portainer/client/group.go:22.2,23.32 2 1
github.com/portainer/portainer-mcp/pkg/portainer/client/group.go:23.32,25.3 1 1
github.com/portainer/portainer-mcp/pkg/portainer/client/group.go:27.2,27.20 1 1
github.com/portainer/portainer-mcp/pkg/portainer/client/group.go:39.98,41.16 2 1
github.com/portainer/portainer-mcp/pkg/portainer/client/group.go:41.16,43.3 1 1
github.com/portainer/portainer-mcp/pkg/portainer/client/group.go:45.2,45.21 1 1
github.com/portainer/portainer-mcp/pkg/portainer/client/group.go:57.81,59.16 2 1
github.com/portainer/portainer-mcp/pkg/portainer/client/group.go:59.16,61.3 1 1
github.com/portainer/portainer-mcp/pkg/portainer/client/group.go:62.2,62.12 1 1
github.com/portainer/portainer-mcp/pkg/portainer/client/group.go:74.98,77.16 3 1
github.com/portainer/portainer-mcp/pkg/portainer/client/group.go:77.16,79.3 1 1
github.com/portainer/portainer-mcp/pkg/portainer/client/group.go:80.2,80.12 1 1
github.com/portainer/portainer-mcp/pkg/portainer/client/group.go:92.82,95.16 3 1
github.com/portainer/portainer-mcp/pkg/portainer/client/group.go:95.16,97.3 1 1
github.com/portainer/portainer-mcp/pkg/portainer/client/group.go:98.2,98.12 1 1
github.com/portainer/portainer-mcp/pkg/portainer/client/helm.go:11.94,13.16 2 0
github.com/portainer/portainer-mcp/pkg/portainer/client/helm.go:13.16,15.3 1 0
github.com/portainer/portainer-mcp/pkg/portainer/client/helm.go:17.2,17.53 1 0
github.com/portainer/portainer-mcp/pkg/portainer/client/helm.go:21.103,23.16 2 0
github.com/portainer/portainer-mcp/pkg/portainer/client/helm.go:23.16,25.3 1 0
github.com/portainer/portainer-mcp/pkg/portainer/client/helm.go:27.2,27.49 1 0
github.com/portainer/portainer-mcp/pkg/portainer/client/helm.go:31.84,33.16 2 0
github.com/portainer/portainer-mcp/pkg/portainer/client/helm.go:33.16,35.3 1 0
github.com/portainer/portainer-mcp/pkg/portainer/client/helm.go:37.2,37.12 1 0
github.com/portainer/portainer-mcp/pkg/portainer/client/helm.go:41.87,43.17 2 0
github.com/portainer/portainer-mcp/pkg/portainer/client/helm.go:43.17,45.3 1 0
github.com/portainer/portainer-mcp/pkg/portainer/client/helm.go:47.2,48.16 2 0
github.com/portainer/portainer-mcp/pkg/portainer/client/helm.go:48.16,50.3 1 0
github.com/portainer/portainer-mcp/pkg/portainer/client/helm.go:52.2,52.20 1 0
github.com/portainer/portainer-mcp/pkg/portainer/client/helm.go:56.152,67.16 3 0
github.com/portainer/portainer-mcp/pkg/portainer/client/helm.go:67.16,69.3 1 0
github.com/portainer/portainer-mcp/pkg/portainer/client/helm.go:71.2,71.53 1 0
github.com/portainer/portainer-mcp/pkg/portainer/client/helm.go:75.128,77.21 2 0
github.com/portainer/portainer-mcp/pkg/portainer/client/helm.go:77.21,79.3 1 0
github.com/portainer/portainer-mcp/pkg/portainer/client/helm.go:80.2,80.18 1 0
github.com/portainer/portainer-mcp/pkg/portainer/client/helm.go:80.18,82.3 1 0
github.com/portainer/portainer-mcp/pkg/portainer/client/helm.go:83.2,83.20 1 0
github.com/portainer/portainer-mcp/pkg/portainer/client/helm.go:83.20,85.3 1 0
github.com/portainer/portainer-mcp/pkg/portainer/client/helm.go:87.2,88.16 2 0
github.com/portainer/portainer-mcp/pkg/portainer/client/helm.go:88.16,90.3 1 0
github.com/portainer/portainer-mcp/pkg/portainer/client/helm.go:92.2,93.24 2 0
github.com/portainer/portainer-mcp/pkg/portainer/client/helm.go:93.24,95.3 1 0
github.com/portainer/portainer-mcp/pkg/portainer/client/helm.go:97.2,97.22 1 0
github.com/portainer/portainer-mcp/pkg/portainer/client/helm.go:101.97,103.21 2 0
github.com/portainer/portainer-mcp/pkg/portainer/client/helm.go:103.21,105.3 1 0
github.com/portainer/portainer-mcp/pkg/portainer/client/helm.go:107.2,108.16 2 0
github.com/portainer/portainer-mcp/pkg/portainer/client/helm.go:108.16,110.3 1 0
github.com/portainer/portainer-mcp/pkg/portainer/client/helm.go:112.2,112.12 1 0
github.com/portainer/portainer-mcp/pkg/portainer/client/helm.go:116.129,118.21 2 0
github.com/portainer/portainer-mcp/pkg/portainer/client/helm.go:118.21,120.3 1 0
github.com/portainer/portainer-mcp/pkg/portainer/client/helm.go:122.2,123.16 2 0
github.com/portainer/portainer-mcp/pkg/portainer/client/helm.go:123.16,125.3 1 0
github.com/portainer/portainer-mcp/pkg/portainer/client/helm.go:127.2,128.24 2 0
github.com/portainer/portainer-mcp/pkg/portainer/client/helm.go:128.24,130.3 1 0
github.com/portainer/portainer-mcp/pkg/portainer/client/helm.go:132.2,132.21 1 0
github.com/portainer/portainer-mcp/pkg/portainer/client/kubernetes.go:19.117,26.31 2 1
github.com/portainer/portainer-mcp/pkg/portainer/client/kubernetes.go:26.31,28.3 1 1
github.com/portainer/portainer-mcp/pkg/portainer/client/kubernetes.go:30.2,30.27 1 1
github.com/portainer/portainer-mcp/pkg/portainer/client/kubernetes.go:30.27,32.3 1 1
github.com/portainer/portainer-mcp/pkg/portainer/client/kubernetes.go:34.2,34.68 1 1
github.com/portainer/portainer-mcp/pkg/portainer/client/kubernetes.go:45.105,47.16 2 0
github.com/portainer/portainer-mcp/pkg/portainer/client/kubernetes.go:47.16,49.3 1 0
github.com/portainer/portainer-mcp/pkg/portainer/client/kubernetes.go:51.2,51.51 1 0
github.com/portainer/portainer-mcp/pkg/portainer/client/kubernetes.go:62.108,64.16 2 0
github.com/portainer/portainer-mcp/pkg/portainer/client/kubernetes.go:64.16,66.3 1 0
github.com/portainer/portainer-mcp/pkg/portainer/client/kubernetes.go:68.2,69.36 2 0
github.com/portainer/portainer-mcp/pkg/portainer/client/kubernetes.go:69.36,71.3 1 0
github.com/portainer/portainer-mcp/pkg/portainer/client/kubernetes.go:73.2,73.24 1 0
github.com/portainer/portainer-mcp/pkg/portainer/client/kubernetes.go:84.87,86.16 2 0
github.com/portainer/portainer-mcp/pkg/portainer/client/kubernetes.go:86.16,88.3 1 0
github.com/portainer/portainer-mcp/pkg/portainer/client/kubernetes.go:90.2,90.20 1 0
github.com/portainer/portainer-mcp/pkg/portainer/client/motd.go:8.58,10.16 2 1
github.com/portainer/portainer-mcp/pkg/portainer/client/motd.go:10.16,12.3 1 1
github.com/portainer/portainer-mcp/pkg/portainer/client/motd.go:14.2,14.46 1 1
github.com/portainer/portainer-mcp/pkg/portainer/client/registry.go:15.70,17.16 2 1
github.com/portainer/portainer-mcp/pkg/portainer/client/registry.go:17.16,19.3 1 1
github.com/portainer/portainer-mcp/pkg/portainer/client/registry.go:21.2,22.36 2 1
github.com/portainer/portainer-mcp/pkg/portainer/client/registry.go:22.36,24.3 1 1
github.com/portainer/portainer-mcp/pkg/portainer/client/registry.go:26.2,26.24 1 1
github.com/portainer/portainer-mcp/pkg/portainer/client/registry.go:37.72,39.16 2 1
github.com/portainer/portainer-mcp/pkg/portainer/client/registry.go:39.16,41.3 1 1
github.com/portainer/portainer-mcp/pkg/portainer/client/registry.go:43.2,43.62 1 1
github.com/portainer/portainer-mcp/pkg/portainer/client/registry.go:60.169,73.16 4 1
github.com/portainer/portainer-mcp/pkg/portainer/client/registry.go:73.16,75.3 1 1
github.com/portainer/portainer-mcp/pkg/portainer/client/registry.go:77.2,77.21 1 1
github.com/portainer/portainer-mcp/pkg/portainer/client/registry.go:95.158,97.16 2 1
github.com/portainer/portainer-mcp/pkg/portainer/client/registry.go:97.16,99.3 1 1
github.com/portainer/portainer-mcp/pkg/portainer/client/registry.go:101.2,102.17 2 1
github.com/portainer/portainer-mcp/pkg/portainer/client/registry.go:102.17,104.3 1 1
github.com/portainer/portainer-mcp/pkg/portainer/client/registry.go:106.2,107.16 2 1
github.com/portainer/portainer-mcp/pkg/portainer/client/registry.go:107.16,109.3 1 1
github.com/portainer/portainer-mcp/pkg/portainer/client/registry.go:111.2,112.27 2 1
github.com/portainer/portainer-mcp/pkg/portainer/client/registry.go:112.27,114.3 1 1
github.com/portainer/portainer-mcp/pkg/portainer/client/registry.go:116.2,117.21 2 1
github.com/portainer/portainer-mcp/pkg/portainer/client/registry.go:117.21,119.3 1 1
github.com/portainer/portainer-mcp/pkg/portainer/client/registry.go:121.2,122.21 2 1
github.com/portainer/portainer-mcp/pkg/portainer/client/registry.go:122.21,124.3 1 1
github.com/portainer/portainer-mcp/pkg/portainer/client/registry.go:126.2,127.20 2 1
github.com/portainer/portainer-mcp/pkg/portainer/client/registry.go:127.20,129.3 1 1
github.com/portainer/portainer-mcp/pkg/portainer/client/registry.go:131.2,141.16 3 1
github.com/portainer/portainer-mcp/pkg/portainer/client/registry.go:141.16,143.3 1 1
github.com/portainer/portainer-mcp/pkg/portainer/client/registry.go:145.2,145.12 1 1
github.com/portainer/portainer-mcp/pkg/portainer/client/registry.go:155.56,157.16 2 1
github.com/portainer/portainer-mcp/pkg/portainer/client/registry.go:157.16,159.3 1 1
github.com/portainer/portainer-mcp/pkg/portainer/client/registry.go:161.2,161.12 1 1
github.com/portainer/portainer-mcp/pkg/portainer/client/role.go:8.61,10.16 2 1
github.com/portainer/portainer-mcp/pkg/portainer/client/role.go:10.16,12.3 1 1
github.com/portainer/portainer-mcp/pkg/portainer/client/role.go:14.2,15.31 2 1
github.com/portainer/portainer-mcp/pkg/portainer/client/role.go:15.31,17.3 1 1
github.com/portainer/portainer-mcp/pkg/portainer/client/role.go:19.2,19.19 1 1
github.com/portainer/portainer-mcp/pkg/portainer/client/settings.go:11.75,13.16 2 1
github.com/portainer/portainer-mcp/pkg/portainer/client/settings.go:13.16,15.3 1 1
github.com/portainer/portainer-mcp/pkg/portainer/client/settings.go:17.2,17.65 1 1
github.com/portainer/portainer-mcp/pkg/portainer/client/settings.go:21.85,23.16 2 0
github.com/portainer/portainer-mcp/pkg/portainer/client/settings.go:23.16,25.3 1 0
github.com/portainer/portainer-mcp/pkg/portainer/client/settings.go:27.2,28.55 2 0
github.com/portainer/portainer-mcp/pkg/portainer/client/settings.go:28.55,30.3 1 0
github.com/portainer/portainer-mcp/pkg/portainer/client/settings.go:32.2,32.55 1 0
github.com/portainer/portainer-mcp/pkg/portainer/client/settings.go:32.55,34.3 1 0
github.com/portainer/portainer-mcp/pkg/portainer/client/settings.go:36.2,36.12 1 0
github.com/portainer/portainer-mcp/pkg/portainer/client/settings.go:40.78,42.16 2 0
github.com/portainer/portainer-mcp/pkg/portainer/client/settings.go:42.16,44.3 1 0
github.com/portainer/portainer-mcp/pkg/portainer/client/settings.go:46.2,46.49 1 0
github.com/portainer/portainer-mcp/pkg/portainer/client/ssl.go:11.72,13.16 2 0
github.com/portainer/portainer-mcp/pkg/portainer/client/ssl.go:13.16,15.3 1 0
github.com/portainer/portainer-mcp/pkg/portainer/client/ssl.go:17.2,17.46 1 0
github.com/portainer/portainer-mcp/pkg/portainer/client/ssl.go:21.88,27.24 2 0
github.com/portainer/portainer-mcp/pkg/portainer/client/ssl.go:27.24,29.3 1 0
github.com/portainer/portainer-mcp/pkg/portainer/client/ssl.go:31.2,31.57 1 0
github.com/portainer/portainer-mcp/pkg/portainer/client/ssl.go:31.57,33.3 1 0
github.com/portainer/portainer-mcp/pkg/portainer/client/ssl.go:35.2,35.12 1 0
github.com/portainer/portainer-mcp/pkg/portainer/client/stack.go:17.63,19.16 2 1
github.com/portainer/portainer-mcp/pkg/portainer/client/stack.go:19.16,21.3 1 1
github.com/portainer/portainer-mcp/pkg/portainer/client/stack.go:23.2,24.32 2 1
github.com/portainer/portainer-mcp/pkg/portainer/client/stack.go:24.32,26.3 1 1
github.com/portainer/portainer-mcp/pkg/portainer/client/stack.go:28.2,28.20 1 1
github.com/portainer/portainer-mcp/pkg/portainer/client/stack.go:37.77,39.16 2 0
github.com/portainer/portainer-mcp/pkg/portainer/client/stack.go:39.16,41.3 1 0
github.com/portainer/portainer-mcp/pkg/portainer/client/stack.go:43.2,44.30 2 0
github.com/portainer/portainer-mcp/pkg/portainer/client/stack.go:44.30,46.3 1 0
github.com/portainer/portainer-mcp/pkg/portainer/client/stack.go:48.2,48.20 1 0
github.com/portainer/portainer-mcp/pkg/portainer/client/stack.go:60.64,62.16 2 1
github.com/portainer/portainer-mcp/pkg/portainer/client/stack.go:62.16,64.3 1 1
github.com/portainer/portainer-mcp/pkg/portainer/client/stack.go:66.2,66.18 1 1
github.com/portainer/portainer-mcp/pkg/portainer/client/stack.go:81.98,83.16 2 1
github.com/portainer/portainer-mcp/pkg/portainer/client/stack.go:83.16,85.3 1 1
github.com/portainer/portainer-mcp/pkg/portainer/client/stack.go:87.2,87.21 1 1
github.com/portainer/portainer-mcp/pkg/portainer/client/stack.go:101.93,103.16 2 1
github.com/portainer/portainer-mcp/pkg/portainer/client/stack.go:103.16,105.3 1 1
github.com/portainer/portainer-mcp/pkg/portainer/client/stack.go:107.2,107.12 1 1
github.com/portainer/portainer-mcp/pkg/portainer/client/stack.go:118.77,120.16 2 0
github.com/portainer/portainer-mcp/pkg/portainer/client/stack.go:120.16,122.3 1 0
github.com/portainer/portainer-mcp/pkg/portainer/client/stack.go:124.2,124.45 1 0
github.com/portainer/portainer-mcp/pkg/portainer/client/stack.go:136.89,138.16 2 0
github.com/portainer/portainer-mcp/pkg/portainer/client/stack.go:138.16,140.3 1 0
github.com/portainer/portainer-mcp/pkg/portainer/client/stack.go:142.2,142.12 1 0
github.com/portainer/portainer-mcp/pkg/portainer/client/stack.go:153.68,155.16 2 0
github.com/portainer/portainer-mcp/pkg/portainer/client/stack.go:155.16,157.3 1 0
github.com/portainer/portainer-mcp/pkg/portainer/client/stack.go:159.2,159.21 1 0
github.com/portainer/portainer-mcp/pkg/portainer/client/stack.go:173.129,180.16 3 0
github.com/portainer/portainer-mcp/pkg/portainer/client/stack.go:180.16,182.3 1 0
github.com/portainer/portainer-mcp/pkg/portainer/client/stack.go:184.2,184.45 1 0
github.com/portainer/portainer-mcp/pkg/portainer/client/stack.go:198.125,205.16 3 0
github.com/portainer/portainer-mcp/pkg/portainer/client/stack.go:205.16,207.3 1 0
github.com/portainer/portainer-mcp/pkg/portainer/client/stack.go:209.2,209.45 1 0
github.com/portainer/portainer-mcp/pkg/portainer/client/stack.go:221.91,223.16 2 0
github.com/portainer/portainer-mcp/pkg/portainer/client/stack.go:223.16,225.3 1 0
github.com/portainer/portainer-mcp/pkg/portainer/client/stack.go:227.2,227.45 1 0
github.com/portainer/portainer-mcp/pkg/portainer/client/stack.go:239.90,241.16 2 0
github.com/portainer/portainer-mcp/pkg/portainer/client/stack.go:241.16,243.3 1 0
github.com/portainer/portainer-mcp/pkg/portainer/client/stack.go:245.2,245.45 1 0
github.com/portainer/portainer-mcp/pkg/portainer/client/stack.go:259.128,267.16 4 0
github.com/portainer/portainer-mcp/pkg/portainer/client/stack.go:267.16,269.3 1 0
github.com/portainer/portainer-mcp/pkg/portainer/client/stack.go:271.2,271.45 1 0
github.com/portainer/portainer-mcp/pkg/portainer/client/system.go:14.74,16.16 2 1
github.com/portainer/portainer-mcp/pkg/portainer/client/system.go:16.16,18.3 1 1
github.com/portainer/portainer-mcp/pkg/portainer/client/system.go:20.2,20.53 1 1
github.com/portainer/portainer-mcp/pkg/portainer/client/tag.go:15.81,17.16 2 1
github.com/portainer/portainer-mcp/pkg/portainer/client/tag.go:17.16,19.3 1 1
github.com/portainer/portainer-mcp/pkg/portainer/client/tag.go:21.2,22.27 2 1
github.com/portainer/portainer-mcp/pkg/portainer/client/tag.go:22.27,24.3 1 1
github.com/portainer/portainer-mcp/pkg/portainer/client/tag.go:26.2,26.29 1 1
github.com/portainer/portainer-mcp/pkg/portainer/client/tag.go:38.74,40.16 2 1
github.com/portainer/portainer-mcp/pkg/portainer/client/tag.go:40.16,42.3 1 1
github.com/portainer/portainer-mcp/pkg/portainer/client/tag.go:44.2,44.21 1 1
github.com/portainer/portainer-mcp/pkg/portainer/client/tag.go:54.62,56.16 2 1
github.com/portainer/portainer-mcp/pkg/portainer/client/tag.go:56.16,58.3 1 1
github.com/portainer/portainer-mcp/pkg/portainer/client/tag.go:60.2,60.12 1 1
github.com/portainer/portainer-mcp/pkg/portainer/client/team.go:14.61,16.16 2 1
github.com/portainer/portainer-mcp/pkg/portainer/client/team.go:16.16,18.3 1 1
github.com/portainer/portainer-mcp/pkg/portainer/client/team.go:21.2,22.16 2 1
github.com/portainer/portainer-mcp/pkg/portainer/client/team.go:22.16,24.3 1 1
github.com/portainer/portainer-mcp/pkg/portainer/client/team.go:26.2,27.38 2 1
github.com/portainer/portainer-mcp/pkg/portainer/client/team.go:27.38,29.3 1 1
github.com/portainer/portainer-mcp/pkg/portainer/client/team.go:31.2,31.19 1 1
github.com/portainer/portainer-mcp/pkg/portainer/client/team.go:42.64,44.16 2 1
github.com/portainer/portainer-mcp/pkg/portainer/client/team.go:44.16,46.3 1 1
github.com/portainer/portainer-mcp/pkg/portainer/client/team.go:48.2,49.16 2 1
github.com/portainer/portainer-mcp/pkg/portainer/client/team.go:49.16,51.3 1 1
github.com/portainer/portainer-mcp/pkg/portainer/client/team.go:53.2,53.62 1 1
github.com/portainer/portainer-mcp/pkg/portainer/client/team.go:63.52,65.16 2 1
github.com/portainer/portainer-mcp/pkg/portainer/client/team.go:65.16,67.3 1 1
github.com/portainer/portainer-mcp/pkg/portainer/client/team.go:69.2,69.12 1 1
github.com/portainer/portainer-mcp/pkg/portainer/client/team.go:77.69,79.2 1 1
github.com/portainer/portainer-mcp/pkg/portainer/client/team.go:89.64,91.16 2 1
github.com/portainer/portainer-mcp/pkg/portainer/client/team.go:91.16,93.3 1 1
github.com/portainer/portainer-mcp/pkg/portainer/client/team.go:95.2,95.21 1 1
github.com/portainer/portainer-mcp/pkg/portainer/client/team.go:103.78,105.16 2 1
github.com/portainer/portainer-mcp/pkg/portainer/client/team.go:105.16,107.3 1 1
github.com/portainer/portainer-mcp/pkg/portainer/client/team.go:110.2,113.41 2 1
github.com/portainer/portainer-mcp/pkg/portainer/client/team.go:113.41,114.41 1 1
github.com/portainer/portainer-mcp/pkg/portainer/client/team.go:114.41,120.31 4 1
github.com/portainer/portainer-mcp/pkg/portainer/client/team.go:120.31,121.26 1 1
github.com/portainer/portainer-mcp/pkg/portainer/client/team.go:121.26,123.11 2 1
github.com/portainer/portainer-mcp/pkg/portainer/client/team.go:128.4,128.19 1 1
github.com/portainer/portainer-mcp/pkg/portainer/client/team.go:128.19,129.74 1 1
github.com/portainer/portainer-mcp/pkg/portainer/client/team.go:129.74,131.6 1 1
github.com/portainer/portainer-mcp/pkg/portainer/client/team.go:137.2,137.33 1 1
github.com/portainer/portainer-mcp/pkg/portainer/client/team.go:137.33,139.30 1 1
github.com/portainer/portainer-mcp/pkg/portainer/client/team.go:139.30,140.12 1 1
github.com/portainer/portainer-mcp/pkg/portainer/client/team.go:144.3,144.68 1 1
github.com/portainer/portainer-mcp/pkg/portainer/client/team.go:144.68,146.4 1 1
github.com/portainer/portainer-mcp/pkg/portainer/client/team.go:149.2,149.12 1 1
github.com/portainer/portainer-mcp/pkg/portainer/client/user.go:14.61,16.16 2 1
github.com/portainer/portainer-mcp/pkg/portainer/client/user.go:16.16,18.3 1 1
github.com/portainer/portainer-mcp/pkg/portainer/client/user.go:20.2,21.38 2 1
github.com/portainer/portainer-mcp/pkg/portainer/client/user.go:21.38,23.3 1 1
github.com/portainer/portainer-mcp/pkg/portainer/client/user.go:25.2,25.19 1 1
github.com/portainer/portainer-mcp/pkg/portainer/client/user.go:38.84,40.18 2 1
github.com/portainer/portainer-mcp/pkg/portainer/client/user.go:40.18,42.3 1 1
github.com/portainer/portainer-mcp/pkg/portainer/client/user.go:44.2,45.16 2 1
github.com/portainer/portainer-mcp/pkg/portainer/client/user.go:45.16,47.3 1 1
github.com/portainer/portainer-mcp/pkg/portainer/client/user.go:49.2,49.21 1 1
github.com/portainer/portainer-mcp/pkg/portainer/client/user.go:60.64,62.16 2 1
github.com/portainer/portainer-mcp/pkg/portainer/client/user.go:62.16,64.3 1 1
github.com/portainer/portainer-mcp/pkg/portainer/client/user.go:66.2,66.49 1 1
github.com/portainer/portainer-mcp/pkg/portainer/client/user.go:76.52,78.16 2 1
github.com/portainer/portainer-mcp/pkg/portainer/client/user.go:78.16,80.3 1 1
github.com/portainer/portainer-mcp/pkg/portainer/client/user.go:82.2,82.12 1 1
github.com/portainer/portainer-mcp/pkg/portainer/client/user.go:93.69,95.18 2 1
github.com/portainer/portainer-mcp/pkg/portainer/client/user.go:95.18,97.3 1 1
github.com/portainer/portainer-mcp/pkg/portainer/client/user.go:99.2,99.42 1 1
github.com/portainer/portainer-mcp/pkg/portainer/client/user.go:102.37,103.14 1 1
github.com/portainer/portainer-mcp/pkg/portainer/client/user.go:104.28,105.11 1 1
github.com/portainer/portainer-mcp/pkg/portainer/client/user.go:106.27,107.11 1 1
github.com/portainer/portainer-mcp/pkg/portainer/client/user.go:108.32,109.11 1 1
github.com/portainer/portainer-mcp/pkg/portainer/client/user.go:110.10,111.11 1 1
github.com/portainer/portainer-mcp/pkg/portainer/client/version.go:5.56,7.16 2 1
github.com/portainer/portainer-mcp/pkg/portainer/client/version.go:7.16,9.3 1 1
github.com/portainer/portainer-mcp/pkg/portainer/client/version.go:11.2,11.21 1 1
github.com/portainer/portainer-mcp/pkg/portainer/client/webhook.go:14.67,16.16 2 0
github.com/portainer/portainer-mcp/pkg/portainer/client/webhook.go:16.16,18.3 1 0
github.com/portainer/portainer-mcp/pkg/portainer/client/webhook.go:20.2,21.34 2 0
github.com/portainer/portainer-mcp/pkg/portainer/client/webhook.go:21.34,23.3 1 0
github.com/portainer/portainer-mcp/pkg/portainer/client/webhook.go:25.2,25.22 1 0
github.com/portainer/portainer-mcp/pkg/portainer/client/webhook.go:38.106,40.16 2 0
github.com/portainer/portainer-mcp/pkg/portainer/client/webhook.go:40.16,42.3 1 0
github.com/portainer/portainer-mcp/pkg/portainer/client/webhook.go:44.2,44.21 1 0
[...]
github.com/portainer/portainer-mcp/internal/mcp/ssl.go:23.93,25.17 2 1
github.com/portainer/portainer-mcp/internal/mcp/ssl.go:25.17,27.4 1 1
github.com/portainer/portainer-mcp/internal/mcp/ssl.go:29.3,29.67 1 1
github.com/portainer/portainer-mcp/internal/mcp/ssl.go:34.79,35.93 1 1
github.com/portainer/portainer-mcp/internal/mcp/ssl.go:35.93,39.17 3 1
github.com/portainer/portainer-mcp/internal/mcp/ssl.go:39.17,41.4 1 0
github.com/portainer/portainer-mcp/internal/mcp/ssl.go:43.3,44.17 2 1
github.com/portainer/portainer-mcp/internal/mcp/ssl.go:44.17,46.4 1 0
github.com/portainer/portainer-mcp/internal/mcp/ssl.go:48.3,49.50 2 1
github.com/portainer/portainer-mcp/internal/mcp/ssl.go:49.50,50.56 1 1
github.com/portainer/portainer-mcp/internal/mcp/ssl.go:50.56,52.12 2 1
github.com/portainer/portainer-mcp/internal/mcp/ssl.go:52.12,54.6 1 0
github.com/portainer/portainer-mcp/internal/mcp/ssl.go:55.5,55.27 1 1
github.com/portainer/portainer-mcp/internal/mcp/ssl.go:59.3,59.73 1 1
github.com/portainer/portainer-mcp/internal/mcp/ssl.go:59.73,61.4 1 1
github.com/portainer/portainer-mcp/internal/mcp/ssl.go:63.3,63.73 1 1
github.com/portainer/portainer-mcp/internal/mcp/stack.go:12.49,19.17 6 0
github.com/portainer/portainer-mcp/internal/mcp/stack.go:19.17,28.3 8 0
github.com/portainer/portainer-mcp/internal/mcp/stack.go:31.71,32.93 1 1
github.com/portainer/portainer-mcp/internal/mcp/stack.go:32.93,34.17 2 1
github.com/portainer/portainer-mcp/internal/mcp/stack.go:34.17,36.4 1 1
github.com/portainer/portainer-mcp/internal/mcp/stack.go:38.3,38.56 1 1
github.com/portainer/portainer-mcp/internal/mcp/stack.go:42.79,43.93 1 0
github.com/portainer/portainer-mcp/internal/mcp/stack.go:43.93,45.17 2 0
github.com/portainer/portainer-mcp/internal/mcp/stack.go:45.17,47.4 1 0
github.com/portainer/portainer-mcp/internal/mcp/stack.go:49.3,49.64 1 0
github.com/portainer/portainer-mcp/internal/mcp/stack.go:53.74,54.93 1 1
github.com/portainer/portainer-mcp/internal/mcp/stack.go:54.93,58.17 3 1
github.com/portainer/portainer-mcp/internal/mcp/stack.go:58.17,60.4 1 1
github.com/portainer/portainer-mcp/internal/mcp/stack.go:62.3,63.17 2 1
github.com/portainer/portainer-mcp/internal/mcp/stack.go:63.17,65.4 1 1
github.com/portainer/portainer-mcp/internal/mcp/stack.go:67.3,67.47 1 1
github.com/portainer/portainer-mcp/internal/mcp/stack.go:71.73,72.93 1 1
github.com/portainer/portainer-mcp/internal/mcp/stack.go:72.93,76.17 3 1
github.com/portainer/portainer-mcp/internal/mcp/stack.go:76.17,78.4 1 1
github.com/portainer/portainer-mcp/internal/mcp/stack.go:80.3,81.17 2 1
github.com/portainer/portainer-mcp/internal/mcp/stack.go:81.17,83.4 1 1
github.com/portainer/portainer-mcp/internal/mcp/stack.go:85.3,86.17 2 1
github.com/portainer/portainer-mcp/internal/mcp/stack.go:86.17,88.4 1 1
github.com/portainer/portainer-mcp/internal/mcp/stack.go:90.3,91.17 2 1
github.com/portainer/portainer-mcp/internal/mcp/stack.go:91.17,93.4 1 1
github.com/portainer/portainer-mcp/internal/mcp/stack.go:95.3,95.95 1 1
github.com/portainer/portainer-mcp/internal/mcp/stack.go:99.73,100.93 1 1
github.com/portainer/portainer-mcp/internal/mcp/stack.go:100.93,104.17 3 1
github.com/portainer/portainer-mcp/internal/mcp/stack.go:104.17,106.4 1 1
github.com/portainer/portainer-mcp/internal/mcp/stack.go:108.3,109.17 2 1
github.com/portainer/portainer-mcp/internal/mcp/stack.go:109.17,111.4 1 1
github.com/portainer/portainer-mcp/internal/mcp/stack.go:113.3,114.17 2 1
github.com/portainer/portainer-mcp/internal/mcp/stack.go:114.17,116.4 1 1
github.com/portainer/portainer-mcp/internal/mcp/stack.go:118.3,119.17 2 1
github.com/portainer/portainer-mcp/internal/mcp/stack.go:119.17,121.4 1 1
github.com/portainer/portainer-mcp/internal/mcp/stack.go:123.3,123.66 1 1
github.com/portainer/portainer-mcp/internal/mcp/stack.go:127.74,128.93 1 0
github.com/portainer/portainer-mcp/internal/mcp/stack.go:128.93,132.17 3 0
github.com/portainer/portainer-mcp/internal/mcp/stack.go:132.17,134.4 1 0
github.com/portainer/portainer-mcp/internal/mcp/stack.go:136.3,137.17 2 0
github.com/portainer/portainer-mcp/internal/mcp/stack.go:137.17,139.4 1 0
github.com/portainer/portainer-mcp/internal/mcp/stack.go:141.3,141.54 1 0
github.com/portainer/portainer-mcp/internal/mcp/stack.go:145.73,146.93 1 0
github.com/portainer/portainer-mcp/internal/mcp/stack.go:146.93,150.17 3 0
github.com/portainer/portainer-mcp/internal/mcp/stack.go:150.17,152.4 1 0
github.com/portainer/portainer-mcp/internal/mcp/stack.go:154.3,155.17 2 0
github.com/portainer/portainer-mcp/internal/mcp/stack.go:155.17,157.4 1 0
github.com/portainer/portainer-mcp/internal/mcp/stack.go:159.3,160.17 2 0
github.com/portainer/portainer-mcp/internal/mcp/stack.go:160.17,162.4 1 0
github.com/portainer/portainer-mcp/internal/mcp/stack.go:164.3,165.17 2 0
github.com/portainer/portainer-mcp/internal/mcp/stack.go:165.17,167.4 1 0
github.com/portainer/portainer-mcp/internal/mcp/stack.go:169.3,169.66 1 0
github.com/portainer/portainer-mcp/internal/mcp/stack.go:173.78,174.93 1 0
github.com/portainer/portainer-mcp/internal/mcp/stack.go:174.93,178.17 3 0
github.com/portainer/portainer-mcp/internal/mcp/stack.go:178.17,180.4 1 0
github.com/portainer/portainer-mcp/internal/mcp/stack.go:182.3,183.17 2 0
github.com/portainer/portainer-mcp/internal/mcp/stack.go:183.17,185.4 1 0
github.com/portainer/portainer-mcp/internal/mcp/stack.go:187.3,187.45 1 0
github.com/portainer/portainer-mcp/internal/mcp/stack.go:191.76,192.93 1 0
github.com/portainer/portainer-mcp/internal/mcp/stack.go:192.93,196.17 3 0
github.com/portainer/portainer-mcp/internal/mcp/stack.go:196.17,198.4 1 0
github.com/portainer/portainer-mcp/internal/mcp/stack.go:200.3,201.17 2 0
github.com/portainer/portainer-mcp/internal/mcp/stack.go:201.17,203.4 1 0
github.com/portainer/portainer-mcp/internal/mcp/stack.go:205.3,206.17 2 0
github.com/portainer/portainer-mcp/internal/mcp/stack.go:206.17,208.4 1 0
github.com/portainer/portainer-mcp/internal/mcp/stack.go:210.3,211.17 2 0
github.com/portainer/portainer-mcp/internal/mcp/stack.go:211.17,213.4 1 0
github.com/portainer/portainer-mcp/internal/mcp/stack.go:215.3,216.17 2 0
github.com/portainer/portainer-mcp/internal/mcp/stack.go:216.17,218.4 1 0
github.com/portainer/portainer-mcp/internal/mcp/stack.go:220.3,220.54 1 0
github.com/portainer/portainer-mcp/internal/mcp/stack.go:224.78,225.93 1 0
github.com/portainer/portainer-mcp/internal/mcp/stack.go:225.93,229.17 3 0
github.com/portainer/portainer-mcp/internal/mcp/stack.go:229.17,231.4 1 0
github.com/portainer/portainer-mcp/internal/mcp/stack.go:233.3,234.17 2 0
github.com/portainer/portainer-mcp/internal/mcp/stack.go:234.17,236.4 1 0
github.com/portainer/portainer-mcp/internal/mcp/stack.go:238.3,239.17 2 0
github.com/portainer/portainer-mcp/internal/mcp/stack.go:239.17,241.4 1 0
github.com/portainer/portainer-mcp/internal/mcp/stack.go:243.3,244.17 2 0
github.com/portainer/portainer-mcp/internal/mcp/stack.go:244.17,246.4 1 0
github.com/portainer/portainer-mcp/internal/mcp/stack.go:248.3,249.17 2 0
github.com/portainer/portainer-mcp/internal/mcp/stack.go:249.17,251.4 1 0
github.com/portainer/portainer-mcp/internal/mcp/stack.go:253.3,253.54 1 0
github.com/portainer/portainer-mcp/internal/mcp/stack.go:257.72,258.93 1 0
github.com/portainer/portainer-mcp/internal/mcp/stack.go:258.93,262.17 3 0
github.com/portainer/portainer-mcp/internal/mcp/stack.go:262.17,264.4 1 0
github.com/portainer/portainer-mcp/internal/mcp/stack.go:266.3,267.17 2 0
github.com/portainer/portainer-mcp/internal/mcp/stack.go:267.17,269.4 1 0
github.com/portainer/portainer-mcp/internal/mcp/stack.go:271.3,272.17 2 0
github.com/portainer/portainer-mcp/internal/mcp/stack.go:272.17,274.4 1 0
github.com/portainer/portainer-mcp/internal/mcp/stack.go:276.3,276.54 1 0
github.com/portainer/portainer-mcp/internal/mcp/stack.go:280.71,281.93 1 0
github.com/portainer/portainer-mcp/internal/mcp/stack.go:281.93,285.17 3 0
github.com/portainer/portainer-mcp/internal/mcp/stack.go:285.17,287.4 1 0
github.com/portainer/portainer-mcp/internal/mcp/stack.go:289.3,290.17 2 0
github.com/portainer/portainer-mcp/internal/mcp/stack.go:290.17,292.4 1 0
github.com/portainer/portainer-mcp/internal/mcp/stack.go:294.3,295.17 2 0
github.com/portainer/portainer-mcp/internal/mcp/stack.go:295.17,297.4 1 0
github.com/portainer/portainer-mcp/internal/mcp/stack.go:299.3,299.54 1 0
github.com/portainer/portainer-mcp/internal/mcp/stack.go:303.74,304.93 1 0
github.com/portainer/portainer-mcp/internal/mcp/stack.go:304.93,308.17 3 0
github.com/portainer/portainer-mcp/internal/mcp/stack.go:308.17,310.4 1 0
github.com/portainer/portainer-mcp/internal/mcp/stack.go:312.3,313.17 2 0
github.com/portainer/portainer-mcp/internal/mcp/stack.go:313.17,315.4 1 0
github.com/portainer/portainer-mcp/internal/mcp/stack.go:317.3,318.17 2 0
github.com/portainer/portainer-mcp/internal/mcp/stack.go:318.17,320.4 1 0
github.com/portainer/portainer-mcp/internal/mcp/stack.go:322.3,323.17 2 0
github.com/portainer/portainer-mcp/internal/mcp/stack.go:323.17,325.4 1 0
github.com/portainer/portainer-mcp/internal/mcp/stack.go:327.3,328.17 2 0
github.com/portainer/portainer-mcp/internal/mcp/stack.go:328.17,330.4 1 0
github.com/portainer/portainer-mcp/internal/mcp/stack.go:332.3,332.54 1 0
github.com/portainer/portainer-mcp/internal/mcp/system.go:10.50,12.2 1 0
github.com/portainer/portainer-mcp/internal/mcp/system.go:14.77,15.93 1 1
github.com/portainer/portainer-mcp/internal/mcp/system.go:15.93,17.17 2 1
github.com/portainer/portainer-mcp/internal/mcp/system.go:17.17,19.4 1 1
github.com/portainer/portainer-mcp/internal/mcp/system.go:21.3,21.63 1 1
github.com/portainer/portainer-mcp/internal/mcp/tag.go:12.47,15.17 2 0
github.com/portainer/portainer-mcp/internal/mcp/tag.go:15.17,18.3 2 0
github.com/portainer/portainer-mcp/internal/mcp/tag.go:21.80,22.93 1 1
github.com/portainer/portainer-mcp/internal/mcp/tag.go:22.93,24.17 2 1
github.com/portainer/portainer-mcp/internal/mcp/tag.go:24.17,26.4 1 1
github.com/portainer/portainer-mcp/internal/mcp/tag.go:28.3,28.75 1 1
github.com/portainer/portainer-mcp/internal/mcp/tag.go:32.82,33.93 1 1
github.com/portainer/portainer-mcp/internal/mcp/tag.go:33.93,37.17 3 1
github.com/portainer/portainer-mcp/internal/mcp/tag.go:37.17,39.4 1 1
github.com/portainer/portainer-mcp/internal/mcp/tag.go:41.3,42.17 2 1
github.com/portainer/portainer-mcp/internal/mcp/tag.go:42.17,44.4 1 1
github.com/portainer/portainer-mcp/internal/mcp/tag.go:46.3,46.105 1 1
github.com/portainer/portainer-mcp/internal/mcp/tag.go:50.82,51.93 1 1
github.com/portainer/portainer-mcp/internal/mcp/tag.go:51.93,55.17 3 1
github.com/portainer/portainer-mcp/internal/mcp/tag.go:55.17,57.4 1 1
github.com/portainer/portainer-mcp/internal/mcp/tag.go:59.3,60.17 2 1
github.com/portainer/portainer-mcp/internal/mcp/tag.go:60.17,62.4 1 1
github.com/portainer/portainer-mcp/internal/mcp/tag.go:64.3,64.76 1 1
github.com/portainer/portainer-mcp/internal/mcp/team.go:12.48,16.17 3 0
github.com/portainer/portainer-mcp/internal/mcp/team.go:16.17,21.3 4 0
github.com/portainer/portainer-mcp/internal/mcp/team.go:24.72,25.93 1 1
github.com/portainer/portainer-mcp/internal/mcp/team.go:25.93,29.17 3 1
github.com/portainer/portainer-mcp/internal/mcp/team.go:29.17,31.4 1 1
github.com/portainer/portainer-mcp/internal/mcp/team.go:33.3,34.17 2 1
github.com/portainer/portainer-mcp/internal/mcp/team.go:34.17,36.4 1 1
github.com/portainer/portainer-mcp/internal/mcp/team.go:38.3,38.98 1 1
github.com/portainer/portainer-mcp/internal/mcp/team.go:42.70,43.93 1 1
github.com/portainer/portainer-mcp/internal/mcp/team.go:43.93,45.17 2 1
github.com/portainer/portainer-mcp/internal/mcp/team.go:45.17,47.4 1 1
github.com/portainer/portainer-mcp/internal/mcp/team.go:49.3,49.54 1 1
github.com/portainer/portainer-mcp/internal/mcp/team.go:53.69,54.93 1 1
github.com/portainer/portainer-mcp/internal/mcp/team.go:54.93,58.17 3 1
github.com/portainer/portainer-mcp/internal/mcp/team.go:58.17,60.4 1 1
github.com/portainer/portainer-mcp/internal/mcp/team.go:62.3,63.17 2 1
github.com/portainer/portainer-mcp/internal/mcp/team.go:63.17,65.4 1 1
github.com/portainer/portainer-mcp/internal/mcp/team.go:67.3,67.52 1 1
github.com/portainer/portainer-mcp/internal/mcp/team.go:71.72,72.93 1 1
github.com/portainer/portainer-mcp/internal/mcp/team.go:72.93,76.17 3 1
github.com/portainer/portainer-mcp/internal/mcp/team.go:76.17,78.4 1 1
github.com/portainer/portainer-mcp/internal/mcp/team.go:80.3,81.17 2 1
github.com/portainer/portainer-mcp/internal/mcp/team.go:81.17,83.4 1 1
github.com/portainer/portainer-mcp/internal/mcp/team.go:85.3,85.65 1 1
github.com/portainer/portainer-mcp/internal/mcp/team.go:89.76,90.93 1 1
github.com/portainer/portainer-mcp/internal/mcp/team.go:90.93,94.17 3 1
github.com/portainer/portainer-mcp/internal/mcp/team.go:94.17,96.4 1 1
github.com/portainer/portainer-mcp/internal/mcp/team.go:98.3,99.17 2 1
github.com/portainer/portainer-mcp/internal/mcp/team.go:99.17,101.4 1 1
github.com/portainer/portainer-mcp/internal/mcp/team.go:103.3,104.17 2 1
github.com/portainer/portainer-mcp/internal/mcp/team.go:104.17,106.4 1 1
github.com/portainer/portainer-mcp/internal/mcp/team.go:108.3,108.70 1 1
github.com/portainer/portainer-mcp/internal/mcp/team.go:112.79,113.93 1 1
github.com/portainer/portainer-mcp/internal/mcp/team.go:113.93,117.17 3 1
github.com/portainer/portainer-mcp/internal/mcp/team.go:117.17,119.4 1 1
github.com/portainer/portainer-mcp/internal/mcp/team.go:121.3,122.17 2 1
github.com/portainer/portainer-mcp/internal/mcp/team.go:122.17,124.4 1 1
github.com/portainer/portainer-mcp/internal/mcp/team.go:126.3,127.17 2 1
github.com/portainer/portainer-mcp/internal/mcp/team.go:127.17,129.4 1 1
github.com/portainer/portainer-mcp/internal/mcp/team.go:131.3,131.73 1 1
github.com/portainer/portainer-mcp/internal/mcp/user.go:12.48,16.17 3 0
github.com/portainer/portainer-mcp/internal/mcp/user.go:16.17,20.3 3 0
github.com/portainer/portainer-mcp/internal/mcp/user.go:23.70,24.93 1 1
github.com/portainer/portainer-mcp/internal/mcp/user.go:24.93,26.17 2 1
github.com/portainer/portainer-mcp/internal/mcp/user.go:26.17,28.4 1 1
github.com/portainer/portainer-mcp/internal/mcp/user.go:30.3,30.54 1 1
github.com/portainer/portainer-mcp/internal/mcp/user.go:34.76,35.93 1 1
github.com/portainer/portainer-mcp/internal/mcp/user.go:35.93,39.17 3 1
github.com/portainer/portainer-mcp/internal/mcp/user.go:39.17,41.4 1 1
github.com/portainer/portainer-mcp/internal/mcp/user.go:43.3,44.17 2 1
github.com/portainer/portainer-mcp/internal/mcp/user.go:44.17,46.4 1 1
github.com/portainer/portainer-mcp/internal/mcp/user.go:48.3,48.29 1 1
github.com/portainer/portainer-mcp/internal/mcp/user.go:48.29,50.4 1 1
github.com/portainer/portainer-mcp/internal/mcp/user.go:52.3,53.17 2 1
github.com/portainer/portainer-mcp/internal/mcp/user.go:53.17,55.4 1 1
github.com/portainer/portainer-mcp/internal/mcp/user.go:57.3,57.65 1 1
github.com/portainer/portainer-mcp/internal/mcp/user.go:61.72,62.93 1 1
github.com/portainer/portainer-mcp/internal/mcp/user.go:62.93,66.17 3 1
github.com/portainer/portainer-mcp/internal/mcp/user.go:66.17,68.4 1 1
github.com/portainer/portainer-mcp/internal/mcp/user.go:70.3,71.17 2 1
github.com/portainer/portainer-mcp/internal/mcp/user.go:71.17,73.4 1 0
github.com/portainer/portainer-mcp/internal/mcp/user.go:75.3,76.17 2 1
github.com/portainer/portainer-mcp/internal/mcp/user.go:76.17,78.4 1 0
github.com/portainer/portainer-mcp/internal/mcp/user.go:80.3,80.29 1 1
github.com/portainer/portainer-mcp/internal/mcp/user.go:80.29,82.4 1 1
github.com/portainer/portainer-mcp/internal/mcp/user.go:84.3,85.17 2 1
github.com/portainer/portainer-mcp/internal/mcp/user.go:85.17,87.4 1 1
github.com/portainer/portainer-mcp/internal/mcp/user.go:89.3,89.94 1 1
github.com/portainer/portainer-mcp/internal/mcp/user.go:93.69,94.93 1 1
github.com/portainer/portainer-mcp/internal/mcp/user.go:94.93,98.17 3 1
github.com/portainer/portainer-mcp/internal/mcp/user.go:98.17,100.4 1 1
github.com/portainer/portainer-mcp/internal/mcp/user.go:102.3,103.17 2 1
github.com/portainer/portainer-mcp/internal/mcp/user.go:103.17,105.4 1 1
github.com/portainer/portainer-mcp/internal/mcp/user.go:107.3,107.52 1 1
github.com/portainer/portainer-mcp/internal/mcp/user.go:111.72,112.93 1 1
github.com/portainer/portainer-mcp/internal/mcp/user.go:112.93,116.17 3 1
github.com/portainer/portainer-mcp/internal/mcp/user.go:116.17,118.4 1 1
github.com/portainer/portainer-mcp/internal/mcp/user.go:120.3,121.17 2 1
github.com/portainer/portainer-mcp/internal/mcp/user.go:121.17,123.4 1 1
github.com/portainer/portainer-mcp/internal/mcp/user.go:125.3,125.65 1 1
github.com/portainer/portainer-mcp/internal/mcp/utils.go:11.70,13.16 2 1
github.com/portainer/portainer-mcp/internal/mcp/utils.go:13.16,15.3 1 0
github.com/portainer/portainer-mcp/internal/mcp/utils.go:16.2,16.49 1 1
github.com/portainer/portainer-mcp/internal/mcp/utils.go:20.60,23.32 2 1
github.com/portainer/portainer-mcp/internal/mcp/utils.go:23.32,25.10 2 1
github.com/portainer/portainer-mcp/internal/mcp/utils.go:25.10,27.4 1 1
github.com/portainer/portainer-mcp/internal/mcp/utils.go:29.3,30.10 2 1
github.com/portainer/portainer-mcp/internal/mcp/utils.go:30.10,32.4 1 1
github.com/portainer/portainer-mcp/internal/mcp/utils.go:34.3,35.10 2 1
github.com/portainer/portainer-mcp/internal/mcp/utils.go:35.10,37.4 1 1
github.com/portainer/portainer-mcp/internal/mcp/utils.go:39.3,39.34 1 1
github.com/portainer/portainer-mcp/internal/mcp/utils.go:39.34,41.4 1 1
github.com/portainer/portainer-mcp/internal/mcp/utils.go:43.3,43.30 1 1
github.com/portainer/portainer-mcp/internal/mcp/utils.go:46.2,46.23 1 1
github.com/portainer/portainer-mcp/internal/mcp/utils.go:51.63,54.29 2 1
github.com/portainer/portainer-mcp/internal/mcp/utils.go:54.29,56.10 2 1
github.com/portainer/portainer-mcp/internal/mcp/utils.go:56.10,58.4 1 1
github.com/portainer/portainer-mcp/internal/mcp/utils.go:60.3,61.10 2 1
github.com/portainer/portainer-mcp/internal/mcp/utils.go:61.10,63.4 1 1
github.com/portainer/portainer-mcp/internal/mcp/utils.go:65.3,66.10 2 1
github.com/portainer/portainer-mcp/internal/mcp/utils.go:66.10,68.4 1 1
github.com/portainer/portainer-mcp/internal/mcp/utils.go:70.3,70.25 1 1
github.com/portainer/portainer-mcp/internal/mcp/utils.go:73.2,73.23 1 1
github.com/portainer/portainer-mcp/internal/mcp/utils.go:78.64,84.2 1 1
github.com/portainer/portainer-mcp/internal/mcp/webhook.go:12.51,15.17 2 0
github.com/portainer/portainer-mcp/internal/mcp/webhook.go:15.17,18.3 2 0
github.com/portainer/portainer-mcp/internal/mcp/webhook.go:21.74,22.93 1 1
github.com/portainer/portainer-mcp/internal/mcp/webhook.go:22.93,24.17 2 1
github.com/portainer/portainer-mcp/internal/mcp/webhook.go:24.17,26.4 1 1
github.com/portainer/portainer-mcp/internal/mcp/webhook.go:28.3,28.60 1 1
github.com/portainer/portainer-mcp/internal/mcp/webhook.go:32.75,33.93 1 1
github.com/portainer/portainer-mcp/internal/mcp/webhook.go:33.93,37.17 3 1
github.com/portainer/portainer-mcp/internal/mcp/webhook.go:37.17,39.4 1 1
github.com/portainer/portainer-mcp/internal/mcp/webhook.go:41.3,42.17 2 1
github.com/portainer/portainer-mcp/internal/mcp/webhook.go:42.17,44.4 1 1
github.com/portainer/portainer-mcp/internal/mcp/webhook.go:46.3,47.17 2 1
github.com/portainer/portainer-mcp/internal/mcp/webhook.go:47.17,49.4 1 1
github.com/portainer/portainer-mcp/internal/mcp/webhook.go:51.3,52.17 2 1
github.com/portainer/portainer-mcp/internal/mcp/webhook.go:52.17,54.4 1 1
github.com/portainer/portainer-mcp/internal/mcp/webhook.go:56.3,56.97 1 1
github.com/portainer/portainer-mcp/internal/mcp/webhook.go:60.75,61.93 1 1
github.com/portainer/portainer-mcp/internal/mcp/webhook.go:61.93,65.17 3 1
github.com/portainer/portainer-mcp/internal/mcp/webhook.go:65.17,67.4 1 1
github.com/portainer/portainer-mcp/internal/mcp/webhook.go:69.3,70.17 2 1
github.com/portainer/portainer-mcp/internal/mcp/webhook.go:70.17,72.4 1 1
github.com/portainer/portainer-mcp/internal/mcp/webhook.go:74.3,74.68 1 1
